2023-05-17 23:05:294 INFO  Homepage :26 - Mouse hoover on Buy and Sell Tab : [[ChromeDriver: chrome on WINDOWS (37f24b22f518e930e13308873a386f94)] -> xpath: //a[contains(text(),'buy + sell')]]
2023-05-17 23:05:940 INFO  Homepage :26 - Mouse hoover on Buy and Sell Tab : [[ChromeDriver: chrome on WINDOWS (e0d41e769d556287e581fbbdcd4ff013)] -> xpath: //a[contains(text(),'buy + sell')]]
2023-05-17 23:05:187 INFO  Homepage :26 - Mouse hoover on Buy and Sell Tab : [[ChromeDriver: chrome on WINDOWS (4837c9af09bc6aa7a2792f975095d469)] -> xpath: //a[contains(text(),'buy + sell')]]
2023-05-17 23:05:774 INFO  Homepage :26 - Mouse hoover on Buy and Sell Tab : [[ChromeDriver: chrome on WINDOWS (7c54b9a5360e48c27a1daa5ff642dc2b)] -> xpath: //a[contains(text(),'buy + sell')]]
2023-05-17 23:05:444 INFO  Homepage :26 - Mouse hoover on Buy and Sell Tab : [[ChromeDriver: chrome on WINDOWS (0d4cb3ae1339900a11119e2f2bef7884)] -> xpath: //a[contains(text(),'buy + sell')]]
2023-05-17 23:05:941 INFO  Homepage :26 - Mouse hoover on Buy and Sell Tab : [[ChromeDriver: chrome on WINDOWS (c363ff1d8f6d5b7962aa0969847f3a40)] -> xpath: //a[contains(text(),'buy + sell')]]
2023-05-17 23:05:880 INFO  Homepage :26 - Mouse hoover on Buy and Sell Tab : [[ChromeDriver: chrome on WINDOWS (3bbe1da068a7a948e0b733797aef7af0)] -> xpath: //a[contains(text(),'buy + sell')]]
2023-05-17 23:05:911 INFO  Homepage :26 - Mouse hoover on Buy and Sell Tab : [[ChromeDriver: chrome on WINDOWS (0c617782433716346652409a343d7cc5)] -> xpath: //a[contains(text(),'buy + sell')]]
2023-05-17 23:05:785 INFO  Homepage :26 - Mouse hoover on Buy and Sell Tab : [[ChromeDriver: chrome on WINDOWS (047c6af8dea1210deb2f317ae559533f)] -> xpath: //a[contains(text(),'buy + sell')]]
2023-05-17 23:05:135 INFO  Homepage :26 - Mouse hoover on Buy and Sell Tab : [[ChromeDriver: chrome on WINDOWS (4f4dbc56230c3b619583f17517b16c8b)] -> xpath: //a[contains(text(),'buy + sell')]]
2023-05-17 23:05:411 INFO  Homepage :26 - Mouse hoover on Buy and Sell Tab : [[ChromeDriver: chrome on WINDOWS (82c49f2974af413dbd71aa26a5228938)] -> xpath: //a[normalize-space()='buy + sell']]
2023-05-17 23:05:385 INFO  Homepage :26 - Mouse hoover on Buy and Sell Tab : [[ChromeDriver: chrome on WINDOWS (ca4fb9d38f0e9944592eaa7aac1f97b9)] -> xpath: //a[normalize-space()='buy + sell']]
2023-05-17 23:05:966 INFO  Homepage :26 - Mouse hoover on Buy and Sell Tab : [[ChromeDriver: chrome on WINDOWS (0a8be4b4425eaa0e65ea2ab6e86c2a18)] -> xpath: //a[normalize-space()='buy + sell']]
2023-05-17 23:05:423 INFO  Homepage :26 - Mouse hoover on Buy and Sell Tab : [[ChromeDriver: chrome on WINDOWS (09f5f8061dbab53b203609386d8d8a40)] -> xpath: //a[normalize-space()='buy + sell']]
2023-05-17 23:05:186 INFO  Homepage :26 - Mouse hoover on Buy and Sell Tab : [[ChromeDriver: chrome on WINDOWS (ffd4bc9b7fc9e70faad7860f47445c72)] -> xpath: //a[normalize-space()='buy + sell']]
2023-05-17 23:05:873 INFO  Homepage :26 - Mouse hoover on Buy and Sell Tab : [[ChromeDriver: chrome on WINDOWS (8c15b3351e2ff98672b8a0476c5ffb25)] -> xpath: //a[normalize-space()='buy + sell']]
2023-05-17 23:05:237 INFO  Homepage :26 - Mouse hoover on Buy and Sell Tab : [[ChromeDriver: chrome on WINDOWS (c9cab5e2c3ac02cc1d76352fdbeb62f1)] -> xpath: //a[normalize-space()='buy + sell']]
2023-05-18 00:05:69 INFO  Homepage :26 - Mouse hoover on Buy and Sell Tab : [[ChromeDriver: chrome on WINDOWS (a29e239338fc2c3bb09d279c5c75941f)] -> xpath: //a[normalize-space()='buy + sell']]
2023-05-18 00:05:763 INFO  Homepage :35 - Click on search on Cars link [[ChromeDriver: chrome on WINDOWS (a29e239338fc2c3bb09d279c5c75941f)] -> xpath: //a[contains(text(),'Search Cars')]]
2023-05-18 00:05:925 INFO  Homepage :26 - Mouse hoover on Buy and Sell Tab : [[ChromeDriver: chrome on WINDOWS (3ee72950475a4ed51b0f564371a14f69)] -> xpath: //a[normalize-space()='buy + sell']]
2023-05-18 00:05:141 INFO  Homepage :35 - Click on search on Cars link [[ChromeDriver: chrome on WINDOWS (3ee72950475a4ed51b0f564371a14f69)] -> xpath: //a[contains(text(),'Search Cars')]]
2023-05-18 00:05:534 INFO  Homepage :26 - Mouse hoover on Buy and Sell Tab : [[ChromeDriver: chrome on WINDOWS (a4ad028897b8ddeaba9772ec629e0a02)] -> xpath: //a[normalize-space()='buy + sell']]
2023-05-18 00:05:806 INFO  Homepage :35 - Click on search on Cars link [[ChromeDriver: chrome on WINDOWS (a4ad028897b8ddeaba9772ec629e0a02)] -> xpath: //a[contains(text(),'Search Cars')]]
2023-05-18 00:05:608 INFO  Homepage :26 - Mouse hoover on Buy and Sell Tab : [[ChromeDriver: chrome on WINDOWS (9e293d8da75198603c8efcf0d0c75fb1)] -> xpath: //a[normalize-space()='buy + sell']]
2023-05-18 00:05:06 INFO  Homepage :35 - Click on search on Cars link [[ChromeDriver: chrome on WINDOWS (9e293d8da75198603c8efcf0d0c75fb1)] -> xpath: //a[contains(text(),'Search Cars')]]
2023-05-18 00:05:972 INFO  NewAndUsedCarSearchPage :36 - Select option from model : [[ChromeDriver: chrome on WINDOWS (9e293d8da75198603c8efcf0d0c75fb1)] -> xpath: //select[@id='models']]
2023-05-18 00:05:267 INFO  NewAndUsedCarSearchPage :46 - Select option from drop down : [[ChromeDriver: chrome on WINDOWS (9e293d8da75198603c8efcf0d0c75fb1)] -> xpath: //select[@id='locations']]
2023-05-18 00:05:417 INFO  NewAndUsedCarSearchPage :56 - Select option from drop down : [[ChromeDriver: chrome on WINDOWS (9e293d8da75198603c8efcf0d0c75fb1)] -> xpath: //select[@id='priceTo']]
2023-05-18 00:05:566 INFO  NewAndUsedCarSearchPage :65 - Click on Find My Next Cars Tab [[ChromeDriver: chrome on WINDOWS (9e293d8da75198603c8efcf0d0c75fb1)] -> xpath: //input[@id='search-submit']]
2023-05-18 00:05:792 INFO  Homepage :26 - Mouse hoover on Buy and Sell Tab : [[ChromeDriver: chrome on WINDOWS (bd7072092c75956c5be10623a98a7613)] -> xpath: //a[normalize-space()='buy + sell']]
2023-05-18 00:05:126 INFO  Homepage :35 - Click on search on Cars link [[ChromeDriver: chrome on WINDOWS (bd7072092c75956c5be10623a98a7613)] -> xpath: //a[contains(text(),'Search Cars')]]
2023-05-18 00:05:705 INFO  NewAndUsedCarSearchPage :36 - Select option from model : [[ChromeDriver: chrome on WINDOWS (bd7072092c75956c5be10623a98a7613)] -> xpath: //select[@id='models']]
2023-05-18 00:05:115 INFO  NewAndUsedCarSearchPage :46 - Select option from drop down : [[ChromeDriver: chrome on WINDOWS (bd7072092c75956c5be10623a98a7613)] -> xpath: //select[@id='locations']]
2023-05-18 00:05:259 INFO  NewAndUsedCarSearchPage :56 - Select option from drop down : [[ChromeDriver: chrome on WINDOWS (bd7072092c75956c5be10623a98a7613)] -> xpath: //select[@id='priceTo']]
2023-05-18 00:05:400 INFO  NewAndUsedCarSearchPage :65 - Click on Find My Next Cars Tab [[ChromeDriver: chrome on WINDOWS (bd7072092c75956c5be10623a98a7613)] -> xpath: //input[@id='search-submit']]
2023-05-18 00:05:22 INFO  Homepage :26 - Mouse hoover on Buy and Sell Tab : [[ChromeDriver: chrome on WINDOWS (67c744a9b0c54f4671a0b37951d369b9)] -> xpath: //a[normalize-space()='buy + sell']]
2023-05-18 00:05:286 INFO  Homepage :35 - Click on search on Cars link [[ChromeDriver: chrome on WINDOWS (67c744a9b0c54f4671a0b37951d369b9)] -> xpath: //a[contains(text(),'Search Cars')]]
2023-05-18 00:05:268 INFO  NewAndUsedCarSearchPage :36 - Select option from model : [[ChromeDriver: chrome on WINDOWS (67c744a9b0c54f4671a0b37951d369b9)] -> xpath: //select[@id='models']]
2023-05-18 00:05:400 INFO  NewAndUsedCarSearchPage :46 - Select option from drop down : [[ChromeDriver: chrome on WINDOWS (67c744a9b0c54f4671a0b37951d369b9)] -> xpath: //select[@id='locations']]
2023-05-18 00:05:518 INFO  NewAndUsedCarSearchPage :56 - Select option from drop down : [[ChromeDriver: chrome on WINDOWS (67c744a9b0c54f4671a0b37951d369b9)] -> xpath: //select[@id='priceTo']]
2023-05-18 00:05:682 INFO  NewAndUsedCarSearchPage :65 - Click on Find My Next Cars Tab [[ChromeDriver: chrome on WINDOWS (67c744a9b0c54f4671a0b37951d369b9)] -> xpath: //input[@id='search-submit']]
2023-05-18 00:05:57 INFO  Homepage :26 - Mouse hoover on Buy and Sell Tab : [[ChromeDriver: chrome on WINDOWS (b5b88aaa75aa72f9f7b9b579b6647108)] -> xpath: //a[normalize-space()='buy + sell']]
2023-05-18 00:05:314 INFO  Homepage :35 - Click on search on Cars link [[ChromeDriver: chrome on WINDOWS (b5b88aaa75aa72f9f7b9b579b6647108)] -> xpath: //a[contains(text(),'Search Cars')]]
2023-05-18 00:05:63 INFO  NewAndUsedCarSearchPage :36 - Select option from model : [[ChromeDriver: chrome on WINDOWS (b5b88aaa75aa72f9f7b9b579b6647108)] -> xpath: //select[@id='models']]
2023-05-18 00:05:188 INFO  NewAndUsedCarSearchPage :46 - Select option from drop down : [[ChromeDriver: chrome on WINDOWS (b5b88aaa75aa72f9f7b9b579b6647108)] -> xpath: //select[@id='locations']]
2023-05-18 00:05:350 INFO  NewAndUsedCarSearchPage :56 - Select option from drop down : [[ChromeDriver: chrome on WINDOWS (b5b88aaa75aa72f9f7b9b579b6647108)] -> xpath: //select[@id='priceTo']]
2023-05-18 00:05:468 INFO  NewAndUsedCarSearchPage :65 - Click on Find My Next Cars Tab [[ChromeDriver: chrome on WINDOWS (b5b88aaa75aa72f9f7b9b579b6647108)] -> xpath: //input[@id='search-submit']]
2023-05-18 00:05:00 INFO  Homepage :26 - Mouse hoover on Buy and Sell Tab : [[ChromeDriver: chrome on WINDOWS (392de6ce233738573b40d078aa73d17e)] -> xpath: //a[normalize-space()='buy + sell']]
2023-05-18 00:05:200 INFO  Homepage :35 - Click on search on Cars link [[ChromeDriver: chrome on WINDOWS (392de6ce233738573b40d078aa73d17e)] -> xpath: //a[contains(text(),'Search Cars')]]
2023-05-18 00:05:228 INFO  NewAndUsedCarSearchPage :36 - Select option from model : [[ChromeDriver: chrome on WINDOWS (392de6ce233738573b40d078aa73d17e)] -> xpath: //select[@id='models']]
2023-05-18 00:05:424 INFO  NewAndUsedCarSearchPage :46 - Select option from drop down : [[ChromeDriver: chrome on WINDOWS (392de6ce233738573b40d078aa73d17e)] -> xpath: //select[@id='locations']]
2023-05-18 00:05:585 INFO  NewAndUsedCarSearchPage :56 - Select option from drop down : [[ChromeDriver: chrome on WINDOWS (392de6ce233738573b40d078aa73d17e)] -> xpath: //select[@id='priceTo']]
2023-05-18 00:05:704 INFO  NewAndUsedCarSearchPage :65 - Click on Find My Next Cars Tab [[ChromeDriver: chrome on WINDOWS (392de6ce233738573b40d078aa73d17e)] -> xpath: //input[@id='search-submit']]
2023-05-18 00:05:746 INFO  Homepage :26 - Mouse hoover on Buy and Sell Tab : [[ChromeDriver: chrome on WINDOWS (c2fc9a37b8eda6bf21f5a6470cb0ec82)] -> xpath: //a[normalize-space()='buy + sell']]
2023-05-18 00:05:573 INFO  Homepage :35 - Click on search on Cars link [[ChromeDriver: chrome on WINDOWS (c2fc9a37b8eda6bf21f5a6470cb0ec82)] -> xpath: //a[contains(text(),'Search Cars')]]
2023-05-18 00:05:168 INFO  NewAndUsedCarSearchPage :36 - Select option from model : [[ChromeDriver: chrome on WINDOWS (c2fc9a37b8eda6bf21f5a6470cb0ec82)] -> xpath: //select[@id='models']]
2023-05-18 00:05:297 INFO  NewAndUsedCarSearchPage :46 - Select option from drop down : [[ChromeDriver: chrome on WINDOWS (c2fc9a37b8eda6bf21f5a6470cb0ec82)] -> xpath: //select[@id='locations']]
2023-05-18 00:05:406 INFO  NewAndUsedCarSearchPage :56 - Select option from drop down : [[ChromeDriver: chrome on WINDOWS (c2fc9a37b8eda6bf21f5a6470cb0ec82)] -> xpath: //select[@id='priceTo']]
2023-05-18 00:05:533 INFO  NewAndUsedCarSearchPage :65 - Click on Find My Next Cars Tab [[ChromeDriver: chrome on WINDOWS (c2fc9a37b8eda6bf21f5a6470cb0ec82)] -> xpath: //input[@id='search-submit']]
2023-05-18 00:05:478 INFO  Homepage :26 - Mouse hoover on Buy and Sell Tab : [[ChromeDriver: chrome on WINDOWS (2fd14198cbef0517f9749d627d0b05d9)] -> xpath: //a[normalize-space()='buy + sell']]
2023-05-18 00:05:996 INFO  Homepage :35 - Click on search on Cars link [[ChromeDriver: chrome on WINDOWS (2fd14198cbef0517f9749d627d0b05d9)] -> xpath: //a[contains(text(),'Search Cars')]]
2023-05-18 00:05:444 INFO  Homepage :26 - Mouse hoover on Buy and Sell Tab : [[ChromeDriver: chrome on WINDOWS (8db13fd4fd83b04e01c4729396c6cddd)] -> xpath: //a[normalize-space()='buy + sell']]
2023-05-18 00:05:631 INFO  Homepage :35 - Click on search on Cars link [[ChromeDriver: chrome on WINDOWS (8db13fd4fd83b04e01c4729396c6cddd)] -> xpath: //a[contains(text(),'Search Cars')]]
2023-05-18 00:05:971 INFO  NewAndUsedCarSearchPage :37 - Select option from model : [[ChromeDriver: chrome on WINDOWS (8db13fd4fd83b04e01c4729396c6cddd)] -> xpath: //select[@id='models']]
2023-05-18 00:05:61 INFO  NewAndUsedCarSearchPage :47 - Select option from drop down : [[ChromeDriver: chrome on WINDOWS (8db13fd4fd83b04e01c4729396c6cddd)] -> xpath: //select[@id='locations']]
2023-05-18 00:05:142 INFO  NewAndUsedCarSearchPage :57 - Select option from drop down : [[ChromeDriver: chrome on WINDOWS (8db13fd4fd83b04e01c4729396c6cddd)] -> xpath: //select[@id='priceTo']]
2023-05-18 00:05:231 INFO  NewAndUsedCarSearchPage :66 - Click on Find My Next Cars Tab [[ChromeDriver: chrome on WINDOWS (8db13fd4fd83b04e01c4729396c6cddd)] -> xpath: //input[@id='search-submit']]
2023-05-18 00:05:353 INFO  NewAndUsedCarSearchPage :78 - Verify The Results : [[ChromeDriver: chrome on WINDOWS (8db13fd4fd83b04e01c4729396c6cddd)] -> xpath: //h1[@class='listing-search-title']]
2023-05-18 00:05:582 INFO  Homepage :26 - Mouse hoover on Buy and Sell Tab : [[ChromeDriver: chrome on WINDOWS (3bfb9daaf8a4db3f444e9fe0c8035e55)] -> xpath: //a[normalize-space()='buy + sell']]
2023-05-18 00:05:749 INFO  Homepage :35 - Click on search on Cars link [[ChromeDriver: chrome on WINDOWS (3bfb9daaf8a4db3f444e9fe0c8035e55)] -> xpath: //a[contains(text(),'Search Cars')]]
2023-05-18 00:05:57 INFO  NewAndUsedCarSearchPage :37 - Select option from model : [[ChromeDriver: chrome on WINDOWS (3bfb9daaf8a4db3f444e9fe0c8035e55)] -> xpath: //select[@id='models']]
2023-05-18 00:05:159 INFO  NewAndUsedCarSearchPage :47 - Select option from drop down : [[ChromeDriver: chrome on WINDOWS (3bfb9daaf8a4db3f444e9fe0c8035e55)] -> xpath: //select[@id='locations']]
2023-05-18 00:05:238 INFO  NewAndUsedCarSearchPage :57 - Select option from drop down : [[ChromeDriver: chrome on WINDOWS (3bfb9daaf8a4db3f444e9fe0c8035e55)] -> xpath: //select[@id='priceTo']]
2023-05-18 00:05:307 INFO  NewAndUsedCarSearchPage :66 - Click on Find My Next Cars Tab [[ChromeDriver: chrome on WINDOWS (3bfb9daaf8a4db3f444e9fe0c8035e55)] -> xpath: //input[@id='search-submit']]
2023-05-18 00:05:559 INFO  NewAndUsedCarSearchPage :78 - Verify The Results : [[ChromeDriver: chrome on WINDOWS (3bfb9daaf8a4db3f444e9fe0c8035e55)] -> xpath: //h1[@class='listing-search-title']]
2023-05-18 00:05:903 INFO  Homepage :26 - Mouse hoover on Buy and Sell Tab : [[ChromeDriver: chrome on WINDOWS (2cbd6d329a68361a6b26d9819e2c6403)] -> xpath: //a[normalize-space()='buy + sell']]
2023-05-18 00:05:104 INFO  Homepage :35 - Click on search on Cars link [[ChromeDriver: chrome on WINDOWS (2cbd6d329a68361a6b26d9819e2c6403)] -> xpath: //a[contains(text(),'Search Cars')]]
2023-05-18 00:05:263 INFO  NewAndUsedCarSearchPage :37 - Select option from model : [[ChromeDriver: chrome on WINDOWS (2cbd6d329a68361a6b26d9819e2c6403)] -> xpath: //select[@id='models']]
2023-05-18 00:05:377 INFO  NewAndUsedCarSearchPage :47 - Select option from drop down : [[ChromeDriver: chrome on WINDOWS (2cbd6d329a68361a6b26d9819e2c6403)] -> xpath: //select[@id='locations']]
2023-05-18 00:05:467 INFO  NewAndUsedCarSearchPage :57 - Select option from drop down : [[ChromeDriver: chrome on WINDOWS (2cbd6d329a68361a6b26d9819e2c6403)] -> xpath: //select[@id='priceTo']]
2023-05-18 00:05:538 INFO  NewAndUsedCarSearchPage :66 - Click on Find My Next Cars Tab [[ChromeDriver: chrome on WINDOWS (2cbd6d329a68361a6b26d9819e2c6403)] -> xpath: //input[@id='search-submit']]
2023-05-18 00:05:798 INFO  NewAndUsedCarSearchPage :78 - Verify The Results : [[ChromeDriver: chrome on WINDOWS (2cbd6d329a68361a6b26d9819e2c6403)] -> xpath: //h1[@class='listing-search-title']]
2023-05-18 00:05:159 INFO  Homepage :26 - Mouse hoover on Buy and Sell Tab : [[ChromeDriver: chrome on WINDOWS (0a4e5f0eb848c688f482fbcc8d816947)] -> xpath: //a[normalize-space()='buy + sell']]
2023-05-18 00:05:648 INFO  Homepage :35 - Click on search on Cars link [[ChromeDriver: chrome on WINDOWS (0a4e5f0eb848c688f482fbcc8d816947)] -> xpath: //a[contains(text(),'Search Cars')]]
2023-05-18 00:05:937 INFO  NewAndUsedCarSearchPage :37 - Select option from model : [[ChromeDriver: chrome on WINDOWS (0a4e5f0eb848c688f482fbcc8d816947)] -> xpath: //select[@id='models']]
2023-05-18 00:05:21 INFO  NewAndUsedCarSearchPage :47 - Select option from drop down : [[ChromeDriver: chrome on WINDOWS (0a4e5f0eb848c688f482fbcc8d816947)] -> xpath: //select[@id='locations']]
2023-05-18 00:05:96 INFO  NewAndUsedCarSearchPage :57 - Select option from drop down : [[ChromeDriver: chrome on WINDOWS (0a4e5f0eb848c688f482fbcc8d816947)] -> xpath: //select[@id='priceTo']]
2023-05-18 00:05:163 INFO  NewAndUsedCarSearchPage :66 - Click on Find My Next Cars Tab [[ChromeDriver: chrome on WINDOWS (0a4e5f0eb848c688f482fbcc8d816947)] -> xpath: //input[@id='search-submit']]
2023-05-18 00:05:386 INFO  NewAndUsedCarSearchPage :78 - Verify The Results : [[ChromeDriver: chrome on WINDOWS (0a4e5f0eb848c688f482fbcc8d816947)] -> xpath: //h1[@class='listing-search-title']]
2023-05-18 00:05:883 INFO  Homepage :26 - Mouse hoover on Buy and Sell Tab : [[ChromeDriver: chrome on WINDOWS (9607c4f17e02ef4321476aa11d06e686)] -> xpath: //a[normalize-space()='buy + sell']]
2023-05-18 00:05:58 INFO  Homepage :35 - Click on search on Cars link [[ChromeDriver: chrome on WINDOWS (9607c4f17e02ef4321476aa11d06e686)] -> xpath: //a[contains(text(),'Search Cars')]]
2023-05-18 00:05:200 INFO  NewAndUsedCarSearchPage :37 - Select option from model : [[ChromeDriver: chrome on WINDOWS (9607c4f17e02ef4321476aa11d06e686)] -> xpath: //select[@id='models']]
2023-05-18 00:05:396 INFO  NewAndUsedCarSearchPage :47 - Select option from drop down : [[ChromeDriver: chrome on WINDOWS (9607c4f17e02ef4321476aa11d06e686)] -> xpath: //select[@id='locations']]
2023-05-18 00:05:459 INFO  NewAndUsedCarSearchPage :57 - Select option from drop down : [[ChromeDriver: chrome on WINDOWS (9607c4f17e02ef4321476aa11d06e686)] -> xpath: //select[@id='priceTo']]
2023-05-18 00:05:526 INFO  NewAndUsedCarSearchPage :66 - Click on Find My Next Cars Tab [[ChromeDriver: chrome on WINDOWS (9607c4f17e02ef4321476aa11d06e686)] -> xpath: //input[@id='search-submit']]
2023-05-18 00:05:852 INFO  NewAndUsedCarSearchPage :78 - Verify The Results : [[ChromeDriver: chrome on WINDOWS (9607c4f17e02ef4321476aa11d06e686)] -> xpath: //h1[@class='listing-search-title']]
2023-05-18 00:05:283 INFO  Homepage :26 - Mouse hoover on Buy and Sell Tab : [[ChromeDriver: chrome on WINDOWS (873b2aff7273e60a3aa6e78b696974f8)] -> xpath: //a[normalize-space()='buy + sell']]
2023-05-18 00:05:500 INFO  Homepage :35 - Click on search on Cars link [[ChromeDriver: chrome on WINDOWS (873b2aff7273e60a3aa6e78b696974f8)] -> xpath: //a[contains(text(),'Search Cars')]]
2023-05-18 11:05:229 INFO  Homepage :26 - Mouse hoover on Buy and Sell Tab : [[ChromeDriver: chrome on WINDOWS (e115bb5839b37e2e911692c6fb80be36)] -> xpath: //a[normalize-space()='buy + sell']]
2023-05-18 11:05:395 INFO  UsedCarsForSalePage :25 - Click on Used Link [[ChromeDriver: chrome on WINDOWS (e115bb5839b37e2e911692c6fb80be36)] -> xpath: //a[normalize-space()='Used']]
2023-05-18 11:05:601 INFO  NewAndUsedCarSearchPage :37 - Select option from model : [[ChromeDriver: chrome on WINDOWS (e115bb5839b37e2e911692c6fb80be36)] -> xpath: //select[@id='models']]
2023-05-18 11:05:687 INFO  NewAndUsedCarSearchPage :47 - Select option from drop down : [[ChromeDriver: chrome on WINDOWS (e115bb5839b37e2e911692c6fb80be36)] -> xpath: //select[@id='locations']]
2023-05-18 11:05:762 INFO  NewAndUsedCarSearchPage :57 - Select option from drop down : [[ChromeDriver: chrome on WINDOWS (e115bb5839b37e2e911692c6fb80be36)] -> xpath: //select[@id='priceTo']]
2023-05-18 11:05:832 INFO  NewAndUsedCarSearchPage :66 - Click on Find My Next Cars Tab [[ChromeDriver: chrome on WINDOWS (e115bb5839b37e2e911692c6fb80be36)] -> xpath: //input[@id='search-submit']]
2023-05-18 11:05:107 INFO  NewAndUsedCarSearchPage :78 - Verify The Results : [[ChromeDriver: chrome on WINDOWS (e115bb5839b37e2e911692c6fb80be36)] -> xpath: //h1[@class='listing-search-title']]
2023-05-18 11:05:977 INFO  Homepage :26 - Mouse hoover on Buy and Sell Tab : [[ChromeDriver: chrome on WINDOWS (4569c9496cee7c7888cc6b3b306020f7)] -> xpath: //a[normalize-space()='buy + sell']]
2023-05-18 11:05:171 INFO  UsedCarsForSalePage :25 - Click on Used Link [[ChromeDriver: chrome on WINDOWS (4569c9496cee7c7888cc6b3b306020f7)] -> xpath: //a[normalize-space()='Used']]
2023-05-18 11:05:518 INFO  NewAndUsedCarSearchPage :37 - Select option from model : [[ChromeDriver: chrome on WINDOWS (4569c9496cee7c7888cc6b3b306020f7)] -> xpath: //select[@id='models']]
2023-05-18 11:05:597 INFO  NewAndUsedCarSearchPage :47 - Select option from drop down : [[ChromeDriver: chrome on WINDOWS (4569c9496cee7c7888cc6b3b306020f7)] -> xpath: //select[@id='locations']]
2023-05-18 11:05:664 INFO  NewAndUsedCarSearchPage :57 - Select option from drop down : [[ChromeDriver: chrome on WINDOWS (4569c9496cee7c7888cc6b3b306020f7)] -> xpath: //select[@id='priceTo']]
2023-05-18 11:05:739 INFO  NewAndUsedCarSearchPage :66 - Click on Find My Next Cars Tab [[ChromeDriver: chrome on WINDOWS (4569c9496cee7c7888cc6b3b306020f7)] -> xpath: //input[@id='search-submit']]
2023-05-18 11:05:870 INFO  NewAndUsedCarSearchPage :78 - Verify The Results : [[ChromeDriver: chrome on WINDOWS (4569c9496cee7c7888cc6b3b306020f7)] -> xpath: //h1[@class='listing-search-title']]
2023-05-18 11:05:202 INFO  Homepage :26 - Mouse hoover on Buy and Sell Tab : [[ChromeDriver: chrome on WINDOWS (f5abb71cd805b9b3b54ee61bcb952763)] -> xpath: //a[normalize-space()='buy + sell']]
2023-05-18 11:05:402 INFO  UsedCarsForSalePage :25 - Click on Used Link [[ChromeDriver: chrome on WINDOWS (f5abb71cd805b9b3b54ee61bcb952763)] -> xpath: //a[normalize-space()='Used']]
2023-05-18 11:05:585 INFO  NewAndUsedCarSearchPage :37 - Select option from model : [[ChromeDriver: chrome on WINDOWS (f5abb71cd805b9b3b54ee61bcb952763)] -> xpath: //select[@id='models']]
2023-05-18 11:05:728 INFO  NewAndUsedCarSearchPage :47 - Select option from drop down : [[ChromeDriver: chrome on WINDOWS (f5abb71cd805b9b3b54ee61bcb952763)] -> xpath: //select[@id='locations']]
2023-05-18 11:05:817 INFO  NewAndUsedCarSearchPage :57 - Select option from drop down : [[ChromeDriver: chrome on WINDOWS (f5abb71cd805b9b3b54ee61bcb952763)] -> xpath: //select[@id='priceTo']]
2023-05-18 11:05:885 INFO  NewAndUsedCarSearchPage :66 - Click on Find My Next Cars Tab [[ChromeDriver: chrome on WINDOWS (f5abb71cd805b9b3b54ee61bcb952763)] -> xpath: //input[@id='search-submit']]
2023-05-18 11:05:905 INFO  NewAndUsedCarSearchPage :78 - Verify The Results : [[ChromeDriver: chrome on WINDOWS (f5abb71cd805b9b3b54ee61bcb952763)] -> xpath: //h1[@class='listing-search-title']]
2023-05-18 11:05:648 INFO  Homepage :26 - Mouse hoover on Buy and Sell Tab : [[ChromeDriver: chrome on WINDOWS (2cc05ea4109c716b6ba4dae3786819bf)] -> xpath: //a[normalize-space()='buy + sell']]
2023-05-18 11:05:848 INFO  UsedCarsForSalePage :25 - Click on Used Link [[ChromeDriver: chrome on WINDOWS (2cc05ea4109c716b6ba4dae3786819bf)] -> xpath: //a[normalize-space()='Used']]
2023-05-18 11:05:976 INFO  NewAndUsedCarSearchPage :37 - Select option from model : [[ChromeDriver: chrome on WINDOWS (2cc05ea4109c716b6ba4dae3786819bf)] -> xpath: //select[@id='models']]
2023-05-18 11:05:87 INFO  NewAndUsedCarSearchPage :47 - Select option from drop down : [[ChromeDriver: chrome on WINDOWS (2cc05ea4109c716b6ba4dae3786819bf)] -> xpath: //select[@id='locations']]
2023-05-18 11:05:158 INFO  NewAndUsedCarSearchPage :57 - Select option from drop down : [[ChromeDriver: chrome on WINDOWS (2cc05ea4109c716b6ba4dae3786819bf)] -> xpath: //select[@id='priceTo']]
2023-05-18 11:05:227 INFO  NewAndUsedCarSearchPage :66 - Click on Find My Next Cars Tab [[ChromeDriver: chrome on WINDOWS (2cc05ea4109c716b6ba4dae3786819bf)] -> xpath: //input[@id='search-submit']]
2023-05-18 11:05:334 INFO  NewAndUsedCarSearchPage :78 - Verify The Results : [[ChromeDriver: chrome on WINDOWS (2cc05ea4109c716b6ba4dae3786819bf)] -> xpath: //h1[@class='listing-search-title']]
2023-05-18 11:05:329 INFO  Homepage :26 - Mouse hoover on Buy and Sell Tab : [[ChromeDriver: chrome on WINDOWS (96e26d27f4a137a06015eb52000fe4af)] -> xpath: //a[normalize-space()='buy + sell']]
2023-05-18 11:05:504 INFO  UsedCarsForSalePage :25 - Click on Used Link [[ChromeDriver: chrome on WINDOWS (96e26d27f4a137a06015eb52000fe4af)] -> xpath: //a[normalize-space()='Used']]
2023-05-18 11:05:833 INFO  NewAndUsedCarSearchPage :37 - Select option from model : [[ChromeDriver: chrome on WINDOWS (96e26d27f4a137a06015eb52000fe4af)] -> xpath: //select[@id='models']]
2023-05-18 11:05:913 INFO  NewAndUsedCarSearchPage :47 - Select option from drop down : [[ChromeDriver: chrome on WINDOWS (96e26d27f4a137a06015eb52000fe4af)] -> xpath: //select[@id='locations']]
2023-05-18 11:05:03 INFO  NewAndUsedCarSearchPage :57 - Select option from drop down : [[ChromeDriver: chrome on WINDOWS (96e26d27f4a137a06015eb52000fe4af)] -> xpath: //select[@id='priceTo']]
2023-05-18 11:05:73 INFO  NewAndUsedCarSearchPage :66 - Click on Find My Next Cars Tab [[ChromeDriver: chrome on WINDOWS (96e26d27f4a137a06015eb52000fe4af)] -> xpath: //input[@id='search-submit']]
2023-05-18 11:05:216 INFO  NewAndUsedCarSearchPage :78 - Verify The Results : [[ChromeDriver: chrome on WINDOWS (96e26d27f4a137a06015eb52000fe4af)] -> xpath: //h1[@class='listing-search-title']]
2023-05-18 11:05:243 INFO  Homepage :26 - Mouse hoover on Buy and Sell Tab : [[ChromeDriver: chrome on WINDOWS (32cce7c1a5471eeb26693eaba8840ba6)] -> xpath: //a[normalize-space()='buy + sell']]
2023-05-18 11:05:416 INFO  UsedCarsForSalePage :25 - Click on Used Link [[ChromeDriver: chrome on WINDOWS (32cce7c1a5471eeb26693eaba8840ba6)] -> xpath: //a[normalize-space()='Used']]
2023-05-18 11:05:651 INFO  NewAndUsedCarSearchPage :37 - Select option from model : [[ChromeDriver: chrome on WINDOWS (32cce7c1a5471eeb26693eaba8840ba6)] -> xpath: //select[@id='models']]
2023-05-18 11:05:729 INFO  NewAndUsedCarSearchPage :47 - Select option from drop down : [[ChromeDriver: chrome on WINDOWS (32cce7c1a5471eeb26693eaba8840ba6)] -> xpath: //select[@id='locations']]
2023-05-18 11:05:824 INFO  NewAndUsedCarSearchPage :57 - Select option from drop down : [[ChromeDriver: chrome on WINDOWS (32cce7c1a5471eeb26693eaba8840ba6)] -> xpath: //select[@id='priceTo']]
2023-05-18 11:05:890 INFO  NewAndUsedCarSearchPage :66 - Click on Find My Next Cars Tab [[ChromeDriver: chrome on WINDOWS (32cce7c1a5471eeb26693eaba8840ba6)] -> xpath: //input[@id='search-submit']]
2023-05-18 11:05:984 INFO  NewAndUsedCarSearchPage :78 - Verify The Results : [[ChromeDriver: chrome on WINDOWS (32cce7c1a5471eeb26693eaba8840ba6)] -> xpath: //h1[@class='listing-search-title']]
2023-05-18 11:05:130 INFO  Homepage :26 - Mouse hoover on Buy and Sell Tab : [[ChromeDriver: chrome on WINDOWS (5f8a0ffd2e7b2e0a2de7d8375cfb023a)] -> xpath: //a[normalize-space()='buy + sell']]
2023-05-18 11:05:298 INFO  UsedCarsForSalePage :25 - Click on Used Link [[ChromeDriver: chrome on WINDOWS (5f8a0ffd2e7b2e0a2de7d8375cfb023a)] -> xpath: //a[normalize-space()='Used']]
2023-05-18 11:05:471 INFO  NewAndUsedCarSearchPage :37 - Select option from model : [[ChromeDriver: chrome on WINDOWS (5f8a0ffd2e7b2e0a2de7d8375cfb023a)] -> xpath: //select[@id='models']]
2023-05-18 11:05:544 INFO  NewAndUsedCarSearchPage :47 - Select option from drop down : [[ChromeDriver: chrome on WINDOWS (5f8a0ffd2e7b2e0a2de7d8375cfb023a)] -> xpath: //select[@id='locations']]
2023-05-18 11:05:629 INFO  NewAndUsedCarSearchPage :57 - Select option from drop down : [[ChromeDriver: chrome on WINDOWS (5f8a0ffd2e7b2e0a2de7d8375cfb023a)] -> xpath: //select[@id='priceTo']]
2023-05-18 11:05:694 INFO  NewAndUsedCarSearchPage :66 - Click on Find My Next Cars Tab [[ChromeDriver: chrome on WINDOWS (5f8a0ffd2e7b2e0a2de7d8375cfb023a)] -> xpath: //input[@id='search-submit']]
2023-05-18 11:05:29 INFO  NewAndUsedCarSearchPage :78 - Verify The Results : [[ChromeDriver: chrome on WINDOWS (5f8a0ffd2e7b2e0a2de7d8375cfb023a)] -> xpath: //h1[@class='listing-search-title']]
2023-05-18 11:05:175 INFO  Homepage :26 - Mouse hoover on Buy and Sell Tab : [[ChromeDriver: chrome on WINDOWS (3e30eec5a23e61957263a7592a6f8826)] -> xpath: //a[normalize-space()='buy + sell']]
2023-05-18 11:05:420 INFO  UsedCarsForSalePage :25 - Click on Used Link [[ChromeDriver: chrome on WINDOWS (3e30eec5a23e61957263a7592a6f8826)] -> xpath: //a[normalize-space()='Used']]
2023-05-18 11:05:547 INFO  NewAndUsedCarSearchPage :37 - Select option from model : [[ChromeDriver: chrome on WINDOWS (3e30eec5a23e61957263a7592a6f8826)] -> xpath: //select[@id='models']]
2023-05-18 11:05:626 INFO  NewAndUsedCarSearchPage :47 - Select option from drop down : [[ChromeDriver: chrome on WINDOWS (3e30eec5a23e61957263a7592a6f8826)] -> xpath: //select[@id='locations']]
2023-05-18 11:05:828 INFO  Homepage :26 - Mouse hoover on Buy and Sell Tab : [[ChromeDriver: chrome on WINDOWS (49c982936ab61e5b7f927c936e19bb52)] -> xpath: //a[normalize-space()='buy + sell']]
2023-05-18 11:05:998 INFO  UsedCarsForSalePage :25 - Click on Used Link [[ChromeDriver: chrome on WINDOWS (49c982936ab61e5b7f927c936e19bb52)] -> xpath: //a[normalize-space()='Used']]
2023-05-18 11:05:145 INFO  NewAndUsedCarSearchPage :37 - Select option from model : [[ChromeDriver: chrome on WINDOWS (49c982936ab61e5b7f927c936e19bb52)] -> xpath: //select[@id='models']]
2023-05-18 11:05:218 INFO  NewAndUsedCarSearchPage :47 - Select option from drop down : [[ChromeDriver: chrome on WINDOWS (49c982936ab61e5b7f927c936e19bb52)] -> xpath: //select[@id='locations']]
2023-05-18 11:05:327 INFO  NewAndUsedCarSearchPage :57 - Select option from drop down : [[ChromeDriver: chrome on WINDOWS (49c982936ab61e5b7f927c936e19bb52)] -> xpath: //select[@id='priceTo']]
2023-05-18 11:05:387 INFO  NewAndUsedCarSearchPage :66 - Click on Find My Next Cars Tab [[ChromeDriver: chrome on WINDOWS (49c982936ab61e5b7f927c936e19bb52)] -> xpath: //input[@id='search-submit']]
2023-05-18 11:05:513 INFO  NewAndUsedCarSearchPage :78 - Verify The Results : [[ChromeDriver: chrome on WINDOWS (49c982936ab61e5b7f927c936e19bb52)] -> xpath: //h1[@class='listing-search-title']]
2023-05-18 11:05:687 INFO  Homepage :26 - Mouse hoover on Buy and Sell Tab : [[ChromeDriver: chrome on WINDOWS (613a8a6d3eaa6744e00faa3005ca6cce)] -> xpath: //a[normalize-space()='buy + sell']]
2023-05-18 11:05:825 INFO  UsedCarsForSalePage :25 - Click on Used Link [[ChromeDriver: chrome on WINDOWS (613a8a6d3eaa6744e00faa3005ca6cce)] -> xpath: //a[normalize-space()='Used']]
2023-05-18 11:05:211 INFO  NewAndUsedCarSearchPage :37 - Select option from model : [[ChromeDriver: chrome on WINDOWS (613a8a6d3eaa6744e00faa3005ca6cce)] -> xpath: //select[@id='models']]
2023-05-18 11:05:194 INFO  Homepage :26 - Mouse hoover on Buy and Sell Tab : [[ChromeDriver: chrome on WINDOWS (a4da3edaf6e67ca376db058ce12a5bb1)] -> xpath: //a[normalize-space()='buy + sell']]
2023-05-18 11:05:401 INFO  Homepage :35 - Click on search on Cars link [[ChromeDriver: chrome on WINDOWS (a4da3edaf6e67ca376db058ce12a5bb1)] -> xpath: //a[contains(text(),'Search Cars')]]
2023-05-18 11:05:711 INFO  NewAndUsedCarSearchPage :37 - Select option from model : [[ChromeDriver: chrome on WINDOWS (a4da3edaf6e67ca376db058ce12a5bb1)] -> xpath: //select[@id='models']]
2023-05-18 11:05:791 INFO  NewAndUsedCarSearchPage :47 - Select option from drop down : [[ChromeDriver: chrome on WINDOWS (a4da3edaf6e67ca376db058ce12a5bb1)] -> xpath: //select[@id='locations']]
2023-05-18 11:05:861 INFO  NewAndUsedCarSearchPage :57 - Select option from drop down : [[ChromeDriver: chrome on WINDOWS (a4da3edaf6e67ca376db058ce12a5bb1)] -> xpath: //select[@id='priceTo']]
2023-05-18 11:05:944 INFO  NewAndUsedCarSearchPage :66 - Click on Find My Next Cars Tab [[ChromeDriver: chrome on WINDOWS (a4da3edaf6e67ca376db058ce12a5bb1)] -> xpath: //input[@id='search-submit']]
2023-05-18 11:05:474 INFO  NewAndUsedCarSearchPage :78 - Verify The Results : [[ChromeDriver: chrome on WINDOWS (a4da3edaf6e67ca376db058ce12a5bb1)] -> xpath: //h1[@class='listing-search-title']]
2023-05-18 11:05:33 INFO  Homepage :26 - Mouse hoover on Buy and Sell Tab : [[ChromeDriver: chrome on WINDOWS (87217e304c17f0efcc94ed515a6dbba7)] -> xpath: //a[normalize-space()='buy + sell']]
2023-05-18 11:05:198 INFO  Homepage :35 - Click on search on Cars link [[ChromeDriver: chrome on WINDOWS (87217e304c17f0efcc94ed515a6dbba7)] -> xpath: //a[contains(text(),'Search Cars')]]
2023-05-18 11:05:110 INFO  NewAndUsedCarSearchPage :37 - Select option from model : [[ChromeDriver: chrome on WINDOWS (87217e304c17f0efcc94ed515a6dbba7)] -> xpath: //select[@id='models']]
2023-05-18 11:05:211 INFO  NewAndUsedCarSearchPage :47 - Select option from drop down : [[ChromeDriver: chrome on WINDOWS (87217e304c17f0efcc94ed515a6dbba7)] -> xpath: //select[@id='locations']]
2023-05-18 11:05:297 INFO  NewAndUsedCarSearchPage :57 - Select option from drop down : [[ChromeDriver: chrome on WINDOWS (87217e304c17f0efcc94ed515a6dbba7)] -> xpath: //select[@id='priceTo']]
2023-05-18 11:05:363 INFO  NewAndUsedCarSearchPage :66 - Click on Find My Next Cars Tab [[ChromeDriver: chrome on WINDOWS (87217e304c17f0efcc94ed515a6dbba7)] -> xpath: //input[@id='search-submit']]
2023-05-18 11:05:904 INFO  NewAndUsedCarSearchPage :78 - Verify The Results : [[ChromeDriver: chrome on WINDOWS (87217e304c17f0efcc94ed515a6dbba7)] -> xpath: //h1[@class='listing-search-title']]
2023-05-18 11:05:586 INFO  Homepage :26 - Mouse hoover on Buy and Sell Tab : [[ChromeDriver: chrome on WINDOWS (cd27e93a0d22c5fd9c84438df19e6bc0)] -> xpath: //a[normalize-space()='buy + sell']]
2023-05-18 11:05:758 INFO  Homepage :35 - Click on search on Cars link [[ChromeDriver: chrome on WINDOWS (cd27e93a0d22c5fd9c84438df19e6bc0)] -> xpath: //a[contains(text(),'Search Cars')]]
2023-05-18 11:05:950 INFO  NewAndUsedCarSearchPage :37 - Select option from model : [[ChromeDriver: chrome on WINDOWS (cd27e93a0d22c5fd9c84438df19e6bc0)] -> xpath: //select[@id='models']]
2023-05-18 11:05:30 INFO  NewAndUsedCarSearchPage :47 - Select option from drop down : [[ChromeDriver: chrome on WINDOWS (cd27e93a0d22c5fd9c84438df19e6bc0)] -> xpath: //select[@id='locations']]
2023-05-18 11:05:95 INFO  NewAndUsedCarSearchPage :57 - Select option from drop down : [[ChromeDriver: chrome on WINDOWS (cd27e93a0d22c5fd9c84438df19e6bc0)] -> xpath: //select[@id='priceTo']]
2023-05-18 11:05:183 INFO  NewAndUsedCarSearchPage :66 - Click on Find My Next Cars Tab [[ChromeDriver: chrome on WINDOWS (cd27e93a0d22c5fd9c84438df19e6bc0)] -> xpath: //input[@id='search-submit']]
2023-05-18 11:05:992 INFO  NewAndUsedCarSearchPage :78 - Verify The Results : [[ChromeDriver: chrome on WINDOWS (cd27e93a0d22c5fd9c84438df19e6bc0)] -> xpath: //h1[@class='listing-search-title']]
2023-05-18 11:05:184 INFO  Homepage :26 - Mouse hoover on Buy and Sell Tab : [[ChromeDriver: chrome on WINDOWS (e0aa351eac38a997812c54c95bcede1d)] -> xpath: //a[normalize-space()='buy + sell']]
2023-05-18 11:05:331 INFO  Homepage :35 - Click on search on Cars link [[ChromeDriver: chrome on WINDOWS (e0aa351eac38a997812c54c95bcede1d)] -> xpath: //a[contains(text(),'Search Cars')]]
2023-05-18 11:05:557 INFO  NewAndUsedCarSearchPage :37 - Select option from model : [[ChromeDriver: chrome on WINDOWS (e0aa351eac38a997812c54c95bcede1d)] -> xpath: //select[@id='models']]
2023-05-18 11:05:673 INFO  NewAndUsedCarSearchPage :47 - Select option from drop down : [[ChromeDriver: chrome on WINDOWS (e0aa351eac38a997812c54c95bcede1d)] -> xpath: //select[@id='locations']]
2023-05-18 11:05:740 INFO  NewAndUsedCarSearchPage :57 - Select option from drop down : [[ChromeDriver: chrome on WINDOWS (e0aa351eac38a997812c54c95bcede1d)] -> xpath: //select[@id='priceTo']]
2023-05-18 11:05:803 INFO  NewAndUsedCarSearchPage :66 - Click on Find My Next Cars Tab [[ChromeDriver: chrome on WINDOWS (e0aa351eac38a997812c54c95bcede1d)] -> xpath: //input[@id='search-submit']]
2023-05-18 11:05:60 INFO  NewAndUsedCarSearchPage :78 - Verify The Results : [[ChromeDriver: chrome on WINDOWS (e0aa351eac38a997812c54c95bcede1d)] -> xpath: //h1[@class='listing-search-title']]
2023-05-18 11:05:201 INFO  Homepage :26 - Mouse hoover on Buy and Sell Tab : [[ChromeDriver: chrome on WINDOWS (db1f4c4139d0edeca09e9ebf5bcbd0f1)] -> xpath: //a[normalize-space()='buy + sell']]
2023-05-18 11:05:403 INFO  Homepage :35 - Click on search on Cars link [[ChromeDriver: chrome on WINDOWS (db1f4c4139d0edeca09e9ebf5bcbd0f1)] -> xpath: //a[contains(text(),'Search Cars')]]
2023-05-18 11:05:612 INFO  NewAndUsedCarSearchPage :37 - Select option from model : [[ChromeDriver: chrome on WINDOWS (db1f4c4139d0edeca09e9ebf5bcbd0f1)] -> xpath: //select[@id='models']]
2023-05-18 11:05:712 INFO  NewAndUsedCarSearchPage :47 - Select option from drop down : [[ChromeDriver: chrome on WINDOWS (db1f4c4139d0edeca09e9ebf5bcbd0f1)] -> xpath: //select[@id='locations']]
2023-05-18 11:05:775 INFO  NewAndUsedCarSearchPage :57 - Select option from drop down : [[ChromeDriver: chrome on WINDOWS (db1f4c4139d0edeca09e9ebf5bcbd0f1)] -> xpath: //select[@id='priceTo']]
2023-05-18 11:05:840 INFO  NewAndUsedCarSearchPage :66 - Click on Find My Next Cars Tab [[ChromeDriver: chrome on WINDOWS (db1f4c4139d0edeca09e9ebf5bcbd0f1)] -> xpath: //input[@id='search-submit']]
2023-05-18 11:05:852 INFO  NewAndUsedCarSearchPage :78 - Verify The Results : [[ChromeDriver: chrome on WINDOWS (db1f4c4139d0edeca09e9ebf5bcbd0f1)] -> xpath: //h1[@class='listing-search-title']]
2023-05-18 11:05:659 INFO  Homepage :26 - Mouse hoover on Buy and Sell Tab : [[ChromeDriver: chrome on WINDOWS (e032d7ef5a62c985894d58072450097e)] -> xpath: //a[normalize-space()='buy + sell']]
2023-05-18 11:05:941 INFO  Homepage :35 - Click on search on Cars link [[ChromeDriver: chrome on WINDOWS (e032d7ef5a62c985894d58072450097e)] -> xpath: //a[contains(text(),'Search Cars')]]
2023-05-18 11:05:888 INFO  Homepage :26 - Mouse hoover on Buy and Sell Tab : [[ChromeDriver: chrome on WINDOWS (901a3453bc6ba4c7528a39d327336252)] -> xpath: //a[normalize-space()='buy + sell']]
2023-05-18 11:05:73 INFO  UsedCarsForSalePage :25 - Click on Used Link [[ChromeDriver: chrome on WINDOWS (901a3453bc6ba4c7528a39d327336252)] -> xpath: //a[normalize-space()='Used']]
2023-05-18 11:05:237 INFO  NewAndUsedCarSearchPage :37 - Select option from model : [[ChromeDriver: chrome on WINDOWS (901a3453bc6ba4c7528a39d327336252)] -> xpath: //select[@id='models']]
2023-05-18 11:05:419 INFO  NewAndUsedCarSearchPage :47 - Select option from drop down : [[ChromeDriver: chrome on WINDOWS (901a3453bc6ba4c7528a39d327336252)] -> xpath: //select[@id='locations']]
2023-05-18 11:05:482 INFO  NewAndUsedCarSearchPage :57 - Select option from drop down : [[ChromeDriver: chrome on WINDOWS (901a3453bc6ba4c7528a39d327336252)] -> xpath: //select[@id='priceTo']]
2023-05-18 11:05:552 INFO  NewAndUsedCarSearchPage :66 - Click on Find My Next Cars Tab [[ChromeDriver: chrome on WINDOWS (901a3453bc6ba4c7528a39d327336252)] -> xpath: //input[@id='search-submit']]
2023-05-18 11:05:999 INFO  NewAndUsedCarSearchPage :78 - Verify The Results : [[ChromeDriver: chrome on WINDOWS (901a3453bc6ba4c7528a39d327336252)] -> xpath: //h1[@class='listing-search-title']]
2023-05-18 11:05:785 INFO  Homepage :26 - Mouse hoover on Buy and Sell Tab : [[ChromeDriver: chrome on WINDOWS (0e2d8ecb90d1baaed76404bb9e810f1f)] -> xpath: //a[normalize-space()='buy + sell']]
2023-05-18 11:05:948 INFO  UsedCarsForSalePage :25 - Click on Used Link [[ChromeDriver: chrome on WINDOWS (0e2d8ecb90d1baaed76404bb9e810f1f)] -> xpath: //a[normalize-space()='Used']]
2023-05-18 11:05:95 INFO  NewAndUsedCarSearchPage :37 - Select option from model : [[ChromeDriver: chrome on WINDOWS (0e2d8ecb90d1baaed76404bb9e810f1f)] -> xpath: //select[@id='models']]
2023-05-18 11:05:200 INFO  NewAndUsedCarSearchPage :47 - Select option from drop down : [[ChromeDriver: chrome on WINDOWS (0e2d8ecb90d1baaed76404bb9e810f1f)] -> xpath: //select[@id='locations']]
2023-05-18 11:05:271 INFO  NewAndUsedCarSearchPage :57 - Select option from drop down : [[ChromeDriver: chrome on WINDOWS (0e2d8ecb90d1baaed76404bb9e810f1f)] -> xpath: //select[@id='priceTo']]
2023-05-18 11:05:350 INFO  NewAndUsedCarSearchPage :66 - Click on Find My Next Cars Tab [[ChromeDriver: chrome on WINDOWS (0e2d8ecb90d1baaed76404bb9e810f1f)] -> xpath: //input[@id='search-submit']]
2023-05-18 11:05:537 INFO  NewAndUsedCarSearchPage :78 - Verify The Results : [[ChromeDriver: chrome on WINDOWS (0e2d8ecb90d1baaed76404bb9e810f1f)] -> xpath: //h1[@class='listing-search-title']]
2023-05-18 11:05:746 INFO  Homepage :26 - Mouse hoover on Buy and Sell Tab : [[ChromeDriver: chrome on WINDOWS (5a65c6e17b1be16ac8d8d7561f83d9e6)] -> xpath: //a[normalize-space()='buy + sell']]
2023-05-18 11:05:287 INFO  UsedCarsForSalePage :25 - Click on Used Link [[ChromeDriver: chrome on WINDOWS (5a65c6e17b1be16ac8d8d7561f83d9e6)] -> xpath: //a[normalize-space()='Used']]
2023-05-18 11:05:490 INFO  NewAndUsedCarSearchPage :37 - Select option from model : [[ChromeDriver: chrome on WINDOWS (5a65c6e17b1be16ac8d8d7561f83d9e6)] -> xpath: //select[@id='models']]
2023-05-18 11:05:588 INFO  NewAndUsedCarSearchPage :47 - Select option from drop down : [[ChromeDriver: chrome on WINDOWS (5a65c6e17b1be16ac8d8d7561f83d9e6)] -> xpath: //select[@id='locations']]
2023-05-18 11:05:660 INFO  NewAndUsedCarSearchPage :57 - Select option from drop down : [[ChromeDriver: chrome on WINDOWS (5a65c6e17b1be16ac8d8d7561f83d9e6)] -> xpath: //select[@id='priceTo']]
2023-05-18 11:05:723 INFO  NewAndUsedCarSearchPage :66 - Click on Find My Next Cars Tab [[ChromeDriver: chrome on WINDOWS (5a65c6e17b1be16ac8d8d7561f83d9e6)] -> xpath: //input[@id='search-submit']]
2023-05-18 11:05:975 INFO  NewAndUsedCarSearchPage :78 - Verify The Results : [[ChromeDriver: chrome on WINDOWS (5a65c6e17b1be16ac8d8d7561f83d9e6)] -> xpath: //h1[@class='listing-search-title']]
2023-05-18 11:05:279 INFO  Homepage :26 - Mouse hoover on Buy and Sell Tab : [[ChromeDriver: chrome on WINDOWS (ee5e2ee7edf80df2167c7deb7c84f192)] -> xpath: //a[normalize-space()='buy + sell']]
2023-05-18 11:05:453 INFO  UsedCarsForSalePage :25 - Click on Used Link [[ChromeDriver: chrome on WINDOWS (ee5e2ee7edf80df2167c7deb7c84f192)] -> xpath: //a[normalize-space()='Used']]
2023-05-18 11:05:559 INFO  NewAndUsedCarSearchPage :37 - Select option from model : [[ChromeDriver: chrome on WINDOWS (ee5e2ee7edf80df2167c7deb7c84f192)] -> xpath: //select[@id='models']]
2023-05-18 11:05:766 INFO  NewAndUsedCarSearchPage :47 - Select option from drop down : [[ChromeDriver: chrome on WINDOWS (ee5e2ee7edf80df2167c7deb7c84f192)] -> xpath: //select[@id='locations']]
2023-05-18 11:05:624 INFO  Homepage :26 - Mouse hoover on Buy and Sell Tab : [[ChromeDriver: chrome on WINDOWS (dc9954eadfaddca858a5a260a029c888)] -> xpath: //a[normalize-space()='buy + sell']]
2023-05-18 11:05:821 INFO  UsedCarsForSalePage :25 - Click on Used Link [[ChromeDriver: chrome on WINDOWS (dc9954eadfaddca858a5a260a029c888)] -> xpath: //a[normalize-space()='Used']]
2023-05-18 11:05:957 INFO  NewAndUsedCarSearchPage :37 - Select option from model : [[ChromeDriver: chrome on WINDOWS (dc9954eadfaddca858a5a260a029c888)] -> xpath: //select[@id='models']]
2023-05-18 11:05:61 INFO  NewAndUsedCarSearchPage :47 - Select option from drop down : [[ChromeDriver: chrome on WINDOWS (dc9954eadfaddca858a5a260a029c888)] -> xpath: //select[@id='locations']]
2023-05-18 11:05:128 INFO  NewAndUsedCarSearchPage :57 - Select option from drop down : [[ChromeDriver: chrome on WINDOWS (dc9954eadfaddca858a5a260a029c888)] -> xpath: //select[@id='priceTo']]
2023-05-18 11:05:210 INFO  NewAndUsedCarSearchPage :66 - Click on Find My Next Cars Tab [[ChromeDriver: chrome on WINDOWS (dc9954eadfaddca858a5a260a029c888)] -> xpath: //input[@id='search-submit']]
2023-05-18 11:05:680 INFO  NewAndUsedCarSearchPage :78 - Verify The Results : [[ChromeDriver: chrome on WINDOWS (dc9954eadfaddca858a5a260a029c888)] -> xpath: //h1[@class='listing-search-title']]
2023-05-18 12:05:459 INFO  Homepage :26 - Mouse hoover on Buy and Sell Tab : [[ChromeDriver: chrome on WINDOWS (07a33807fe278826021da4bc44cecd9c)] -> xpath: //a[normalize-space()='buy + sell']]
2023-05-18 12:05:642 INFO  FindADealerPage :24 - Click on Find A Dealer link [[ChromeDriver: chrome on WINDOWS (07a33807fe278826021da4bc44cecd9c)] -> xpath: //a[normalize-space()='Find a Dealer']]
2023-05-18 12:05:455 INFO  Homepage :26 - Mouse hoover on Buy and Sell Tab : [[ChromeDriver: chrome on WINDOWS (18f8ef65c08de013744165af7729ebab)] -> xpath: //a[normalize-space()='buy + sell']]
2023-05-18 12:05:646 INFO  FindADealerPage :24 - Click on Find A Dealer link [[ChromeDriver: chrome on WINDOWS (18f8ef65c08de013744165af7729ebab)] -> xpath: //a[normalize-space()='Find a Dealer']]
2023-05-18 12:05:956 INFO  Homepage :26 - Mouse hoover on Buy and Sell Tab : [[ChromeDriver: chrome on WINDOWS (7f56017324f614bd30b36c460df7d4fd)] -> xpath: //a[normalize-space()='buy + sell']]
2023-05-18 12:05:152 INFO  Homepage :35 - Click on search on Cars link [[ChromeDriver: chrome on WINDOWS (7f56017324f614bd30b36c460df7d4fd)] -> xpath: //a[contains(text(),'Search Cars')]]
2023-05-18 12:05:399 INFO  NewAndUsedCarSearchPage :37 - Select option from model : [[ChromeDriver: chrome on WINDOWS (7f56017324f614bd30b36c460df7d4fd)] -> xpath: //select[@id='models']]
2023-05-18 12:05:484 INFO  NewAndUsedCarSearchPage :47 - Select option from drop down : [[ChromeDriver: chrome on WINDOWS (7f56017324f614bd30b36c460df7d4fd)] -> xpath: //select[@id='locations']]
2023-05-18 12:05:552 INFO  NewAndUsedCarSearchPage :57 - Select option from drop down : [[ChromeDriver: chrome on WINDOWS (7f56017324f614bd30b36c460df7d4fd)] -> xpath: //select[@id='priceTo']]
2023-05-18 12:05:624 INFO  NewAndUsedCarSearchPage :66 - Click on Find My Next Cars Tab [[ChromeDriver: chrome on WINDOWS (7f56017324f614bd30b36c460df7d4fd)] -> xpath: //input[@id='search-submit']]
2023-05-18 12:05:793 INFO  NewAndUsedCarSearchPage :78 - Verify The Results : [[ChromeDriver: chrome on WINDOWS (7f56017324f614bd30b36c460df7d4fd)] -> xpath: //h1[@class='listing-search-title']]
2023-05-18 12:05:119 INFO  Homepage :26 - Mouse hoover on Buy and Sell Tab : [[ChromeDriver: chrome on WINDOWS (5303ef7649fecf81bb6dd4dadb835a3d)] -> xpath: //a[normalize-space()='buy + sell']]
2023-05-18 12:05:303 INFO  Homepage :35 - Click on search on Cars link [[ChromeDriver: chrome on WINDOWS (5303ef7649fecf81bb6dd4dadb835a3d)] -> xpath: //a[contains(text(),'Search Cars')]]
2023-05-18 12:05:530 INFO  NewAndUsedCarSearchPage :37 - Select option from model : [[ChromeDriver: chrome on WINDOWS (5303ef7649fecf81bb6dd4dadb835a3d)] -> xpath: //select[@id='models']]
2023-05-18 12:05:613 INFO  NewAndUsedCarSearchPage :47 - Select option from drop down : [[ChromeDriver: chrome on WINDOWS (5303ef7649fecf81bb6dd4dadb835a3d)] -> xpath: //select[@id='locations']]
2023-05-18 12:05:688 INFO  NewAndUsedCarSearchPage :57 - Select option from drop down : [[ChromeDriver: chrome on WINDOWS (5303ef7649fecf81bb6dd4dadb835a3d)] -> xpath: //select[@id='priceTo']]
2023-05-18 12:05:756 INFO  NewAndUsedCarSearchPage :66 - Click on Find My Next Cars Tab [[ChromeDriver: chrome on WINDOWS (5303ef7649fecf81bb6dd4dadb835a3d)] -> xpath: //input[@id='search-submit']]
2023-05-18 12:05:795 INFO  NewAndUsedCarSearchPage :78 - Verify The Results : [[ChromeDriver: chrome on WINDOWS (5303ef7649fecf81bb6dd4dadb835a3d)] -> xpath: //h1[@class='listing-search-title']]
2023-05-18 12:05:716 INFO  Homepage :26 - Mouse hoover on Buy and Sell Tab : [[ChromeDriver: chrome on WINDOWS (5111207ff80d62b8395374481caf45c1)] -> xpath: //a[normalize-space()='buy + sell']]
2023-05-18 12:05:896 INFO  Homepage :35 - Click on search on Cars link [[ChromeDriver: chrome on WINDOWS (5111207ff80d62b8395374481caf45c1)] -> xpath: //a[contains(text(),'Search Cars')]]
2023-05-18 12:05:78 INFO  NewAndUsedCarSearchPage :37 - Select option from model : [[ChromeDriver: chrome on WINDOWS (5111207ff80d62b8395374481caf45c1)] -> xpath: //select[@id='models']]
2023-05-18 12:05:153 INFO  NewAndUsedCarSearchPage :47 - Select option from drop down : [[ChromeDriver: chrome on WINDOWS (5111207ff80d62b8395374481caf45c1)] -> xpath: //select[@id='locations']]
2023-05-18 12:05:223 INFO  NewAndUsedCarSearchPage :57 - Select option from drop down : [[ChromeDriver: chrome on WINDOWS (5111207ff80d62b8395374481caf45c1)] -> xpath: //select[@id='priceTo']]
2023-05-18 12:05:309 INFO  NewAndUsedCarSearchPage :66 - Click on Find My Next Cars Tab [[ChromeDriver: chrome on WINDOWS (5111207ff80d62b8395374481caf45c1)] -> xpath: //input[@id='search-submit']]
2023-05-18 12:05:512 INFO  NewAndUsedCarSearchPage :78 - Verify The Results : [[ChromeDriver: chrome on WINDOWS (5111207ff80d62b8395374481caf45c1)] -> xpath: //h1[@class='listing-search-title']]
2023-05-18 12:05:306 INFO  Homepage :26 - Mouse hoover on Buy and Sell Tab : [[ChromeDriver: chrome on WINDOWS (189ff580c309a0addcf01a8e5d250c19)] -> xpath: //a[normalize-space()='buy + sell']]
2023-05-18 12:05:477 INFO  Homepage :35 - Click on search on Cars link [[ChromeDriver: chrome on WINDOWS (189ff580c309a0addcf01a8e5d250c19)] -> xpath: //a[contains(text(),'Search Cars')]]
2023-05-18 12:05:757 INFO  NewAndUsedCarSearchPage :37 - Select option from model : [[ChromeDriver: chrome on WINDOWS (189ff580c309a0addcf01a8e5d250c19)] -> xpath: //select[@id='models']]
2023-05-18 12:05:831 INFO  NewAndUsedCarSearchPage :47 - Select option from drop down : [[ChromeDriver: chrome on WINDOWS (189ff580c309a0addcf01a8e5d250c19)] -> xpath: //select[@id='locations']]
2023-05-18 12:05:899 INFO  NewAndUsedCarSearchPage :57 - Select option from drop down : [[ChromeDriver: chrome on WINDOWS (189ff580c309a0addcf01a8e5d250c19)] -> xpath: //select[@id='priceTo']]
2023-05-18 12:05:963 INFO  NewAndUsedCarSearchPage :66 - Click on Find My Next Cars Tab [[ChromeDriver: chrome on WINDOWS (189ff580c309a0addcf01a8e5d250c19)] -> xpath: //input[@id='search-submit']]
2023-05-18 12:05:250 INFO  NewAndUsedCarSearchPage :78 - Verify The Results : [[ChromeDriver: chrome on WINDOWS (189ff580c309a0addcf01a8e5d250c19)] -> xpath: //h1[@class='listing-search-title']]
2023-05-18 12:05:842 INFO  Homepage :26 - Mouse hoover on Buy and Sell Tab : [[ChromeDriver: chrome on WINDOWS (83866fe127742d902e1d541c83ad4302)] -> xpath: //a[normalize-space()='buy + sell']]
2023-05-18 12:05:70 INFO  Homepage :35 - Click on search on Cars link [[ChromeDriver: chrome on WINDOWS (83866fe127742d902e1d541c83ad4302)] -> xpath: //a[contains(text(),'Search Cars')]]
2023-05-18 12:05:544 INFO  NewAndUsedCarSearchPage :37 - Select option from model : [[ChromeDriver: chrome on WINDOWS (83866fe127742d902e1d541c83ad4302)] -> xpath: //select[@id='models']]
2023-05-18 12:05:624 INFO  NewAndUsedCarSearchPage :47 - Select option from drop down : [[ChromeDriver: chrome on WINDOWS (83866fe127742d902e1d541c83ad4302)] -> xpath: //select[@id='locations']]
2023-05-18 12:05:718 INFO  NewAndUsedCarSearchPage :57 - Select option from drop down : [[ChromeDriver: chrome on WINDOWS (83866fe127742d902e1d541c83ad4302)] -> xpath: //select[@id='priceTo']]
2023-05-18 12:05:783 INFO  NewAndUsedCarSearchPage :66 - Click on Find My Next Cars Tab [[ChromeDriver: chrome on WINDOWS (83866fe127742d902e1d541c83ad4302)] -> xpath: //input[@id='search-submit']]
2023-05-18 12:05:743 INFO  NewAndUsedCarSearchPage :78 - Verify The Results : [[ChromeDriver: chrome on WINDOWS (83866fe127742d902e1d541c83ad4302)] -> xpath: //h1[@class='listing-search-title']]
2023-05-18 12:05:299 INFO  Homepage :26 - Mouse hoover on Buy and Sell Tab : [[ChromeDriver: chrome on WINDOWS (9fed2a5c7cccc880d042a84e4d15b2c5)] -> xpath: //a[normalize-space()='buy + sell']]
2023-05-18 12:05:487 INFO  Homepage :35 - Click on search on Cars link [[ChromeDriver: chrome on WINDOWS (9fed2a5c7cccc880d042a84e4d15b2c5)] -> xpath: //a[contains(text(),'Search Cars')]]
2023-05-18 12:05:656 INFO  Homepage :26 - Mouse hoover on Buy and Sell Tab : [[ChromeDriver: chrome on WINDOWS (adcca5ba29912284ee65a9d5162b11d7)] -> xpath: //a[normalize-space()='buy + sell']]
2023-05-18 12:05:838 INFO  UsedCarsForSalePage :25 - Click on Used Link [[ChromeDriver: chrome on WINDOWS (adcca5ba29912284ee65a9d5162b11d7)] -> xpath: //a[normalize-space()='Used']]
2023-05-18 12:05:16 INFO  NewAndUsedCarSearchPage :37 - Select option from model : [[ChromeDriver: chrome on WINDOWS (adcca5ba29912284ee65a9d5162b11d7)] -> xpath: //select[@id='models']]
2023-05-18 12:05:99 INFO  NewAndUsedCarSearchPage :47 - Select option from drop down : [[ChromeDriver: chrome on WINDOWS (adcca5ba29912284ee65a9d5162b11d7)] -> xpath: //select[@id='locations']]
2023-05-18 12:05:191 INFO  NewAndUsedCarSearchPage :57 - Select option from drop down : [[ChromeDriver: chrome on WINDOWS (adcca5ba29912284ee65a9d5162b11d7)] -> xpath: //select[@id='priceTo']]
2023-05-18 12:05:254 INFO  NewAndUsedCarSearchPage :66 - Click on Find My Next Cars Tab [[ChromeDriver: chrome on WINDOWS (adcca5ba29912284ee65a9d5162b11d7)] -> xpath: //input[@id='search-submit']]
2023-05-18 12:05:358 INFO  NewAndUsedCarSearchPage :78 - Verify The Results : [[ChromeDriver: chrome on WINDOWS (adcca5ba29912284ee65a9d5162b11d7)] -> xpath: //h1[@class='listing-search-title']]
2023-05-18 12:05:331 INFO  Homepage :26 - Mouse hoover on Buy and Sell Tab : [[ChromeDriver: chrome on WINDOWS (c66896fb39b03cb5055635572a1a4cd4)] -> xpath: //a[normalize-space()='buy + sell']]
2023-05-18 12:05:503 INFO  UsedCarsForSalePage :25 - Click on Used Link [[ChromeDriver: chrome on WINDOWS (c66896fb39b03cb5055635572a1a4cd4)] -> xpath: //a[normalize-space()='Used']]
2023-05-18 12:05:842 INFO  NewAndUsedCarSearchPage :37 - Select option from model : [[ChromeDriver: chrome on WINDOWS (c66896fb39b03cb5055635572a1a4cd4)] -> xpath: //select[@id='models']]
2023-05-18 12:05:918 INFO  NewAndUsedCarSearchPage :47 - Select option from drop down : [[ChromeDriver: chrome on WINDOWS (c66896fb39b03cb5055635572a1a4cd4)] -> xpath: //select[@id='locations']]
2023-05-18 12:05:991 INFO  NewAndUsedCarSearchPage :57 - Select option from drop down : [[ChromeDriver: chrome on WINDOWS (c66896fb39b03cb5055635572a1a4cd4)] -> xpath: //select[@id='priceTo']]
2023-05-18 12:05:58 INFO  NewAndUsedCarSearchPage :66 - Click on Find My Next Cars Tab [[ChromeDriver: chrome on WINDOWS (c66896fb39b03cb5055635572a1a4cd4)] -> xpath: //input[@id='search-submit']]
2023-05-18 12:05:164 INFO  NewAndUsedCarSearchPage :78 - Verify The Results : [[ChromeDriver: chrome on WINDOWS (c66896fb39b03cb5055635572a1a4cd4)] -> xpath: //h1[@class='listing-search-title']]
2023-05-18 12:05:823 INFO  Homepage :26 - Mouse hoover on Buy and Sell Tab : [[ChromeDriver: chrome on WINDOWS (a32d199075d5152dd99f5c6c95eb9130)] -> xpath: //a[normalize-space()='buy + sell']]
2023-05-18 12:05:107 INFO  UsedCarsForSalePage :25 - Click on Used Link [[ChromeDriver: chrome on WINDOWS (a32d199075d5152dd99f5c6c95eb9130)] -> xpath: //a[normalize-space()='Used']]
2023-05-18 12:05:439 INFO  NewAndUsedCarSearchPage :37 - Select option from model : [[ChromeDriver: chrome on WINDOWS (a32d199075d5152dd99f5c6c95eb9130)] -> xpath: //select[@id='models']]
2023-05-18 12:05:548 INFO  NewAndUsedCarSearchPage :47 - Select option from drop down : [[ChromeDriver: chrome on WINDOWS (a32d199075d5152dd99f5c6c95eb9130)] -> xpath: //select[@id='locations']]
2023-05-18 12:05:615 INFO  NewAndUsedCarSearchPage :57 - Select option from drop down : [[ChromeDriver: chrome on WINDOWS (a32d199075d5152dd99f5c6c95eb9130)] -> xpath: //select[@id='priceTo']]
2023-05-18 12:05:678 INFO  NewAndUsedCarSearchPage :66 - Click on Find My Next Cars Tab [[ChromeDriver: chrome on WINDOWS (a32d199075d5152dd99f5c6c95eb9130)] -> xpath: //input[@id='search-submit']]
2023-05-18 12:05:864 INFO  NewAndUsedCarSearchPage :78 - Verify The Results : [[ChromeDriver: chrome on WINDOWS (a32d199075d5152dd99f5c6c95eb9130)] -> xpath: //h1[@class='listing-search-title']]
2023-05-18 12:05:12 INFO  Homepage :26 - Mouse hoover on Buy and Sell Tab : [[ChromeDriver: chrome on WINDOWS (2cabf9ebc70247dc1faccd678dc7f6eb)] -> xpath: //a[normalize-space()='buy + sell']]
2023-05-18 12:05:304 INFO  UsedCarsForSalePage :25 - Click on Used Link [[ChromeDriver: chrome on WINDOWS (2cabf9ebc70247dc1faccd678dc7f6eb)] -> xpath: //a[normalize-space()='Used']]
2023-05-18 12:05:479 INFO  NewAndUsedCarSearchPage :37 - Select option from model : [[ChromeDriver: chrome on WINDOWS (2cabf9ebc70247dc1faccd678dc7f6eb)] -> xpath: //select[@id='models']]
2023-05-18 12:05:561 INFO  NewAndUsedCarSearchPage :47 - Select option from drop down : [[ChromeDriver: chrome on WINDOWS (2cabf9ebc70247dc1faccd678dc7f6eb)] -> xpath: //select[@id='locations']]
2023-05-18 12:05:658 INFO  Homepage :26 - Mouse hoover on Buy and Sell Tab : [[ChromeDriver: chrome on WINDOWS (53bb2f8cb5c5b8bdd86640fe6a7099fb)] -> xpath: //a[normalize-space()='buy + sell']]
2023-05-18 12:05:134 INFO  UsedCarsForSalePage :25 - Click on Used Link [[ChromeDriver: chrome on WINDOWS (53bb2f8cb5c5b8bdd86640fe6a7099fb)] -> xpath: //a[normalize-space()='Used']]
2023-05-18 12:05:270 INFO  NewAndUsedCarSearchPage :37 - Select option from model : [[ChromeDriver: chrome on WINDOWS (53bb2f8cb5c5b8bdd86640fe6a7099fb)] -> xpath: //select[@id='models']]
2023-05-18 12:05:348 INFO  NewAndUsedCarSearchPage :47 - Select option from drop down : [[ChromeDriver: chrome on WINDOWS (53bb2f8cb5c5b8bdd86640fe6a7099fb)] -> xpath: //select[@id='locations']]
2023-05-18 12:05:410 INFO  NewAndUsedCarSearchPage :57 - Select option from drop down : [[ChromeDriver: chrome on WINDOWS (53bb2f8cb5c5b8bdd86640fe6a7099fb)] -> xpath: //select[@id='priceTo']]
2023-05-18 12:05:492 INFO  NewAndUsedCarSearchPage :66 - Click on Find My Next Cars Tab [[ChromeDriver: chrome on WINDOWS (53bb2f8cb5c5b8bdd86640fe6a7099fb)] -> xpath: //input[@id='search-submit']]
2023-05-18 12:05:828 INFO  NewAndUsedCarSearchPage :78 - Verify The Results : [[ChromeDriver: chrome on WINDOWS (53bb2f8cb5c5b8bdd86640fe6a7099fb)] -> xpath: //h1[@class='listing-search-title']]
2023-05-18 12:05:696 INFO  Homepage :26 - Mouse hoover on Buy and Sell Tab : [[ChromeDriver: chrome on WINDOWS (0dafa91f10ba58dca58cb44cc59de728)] -> xpath: //a[normalize-space()='buy + sell']]
2023-05-18 12:05:899 INFO  FindADealerPage :24 - Click on Find A Dealer link [[ChromeDriver: chrome on WINDOWS (0dafa91f10ba58dca58cb44cc59de728)] -> xpath: //a[normalize-space()='Find a Dealer']]
2023-05-18 12:05:318 INFO  Homepage :26 - Mouse hoover on Buy and Sell Tab : [[ChromeDriver: chrome on WINDOWS (bba8cfe5f1df19bd239d41a637fc8337)] -> xpath: //a[normalize-space()='buy + sell']]
2023-05-18 12:05:489 INFO  FindADealerPage :24 - Click on Find A Dealer link [[ChromeDriver: chrome on WINDOWS (bba8cfe5f1df19bd239d41a637fc8337)] -> xpath: //a[normalize-space()='Find a Dealer']]
2023-05-18 12:05:522 INFO  Homepage :26 - Mouse hoover on Buy and Sell Tab : [[ChromeDriver: chrome on WINDOWS (814e20b2d2355352e95d83ddc271f4c5)] -> xpath: //a[normalize-space()='buy + sell']]
2023-05-18 12:05:706 INFO  FindADealerPage :24 - Click on Find A Dealer link [[ChromeDriver: chrome on WINDOWS (814e20b2d2355352e95d83ddc271f4c5)] -> xpath: //a[normalize-space()='Find a Dealer']]
2023-05-18 13:05:892 INFO  Homepage :26 - Mouse hoover on Buy and Sell Tab : [[ChromeDriver: chrome on WINDOWS (94b06ebd3afe510e45b5aef74f768758)] -> xpath: //a[normalize-space()='buy + sell']]
2023-05-18 13:05:72 INFO  UsedCarsForSalePage :25 - Click on Used Link [[ChromeDriver: chrome on WINDOWS (94b06ebd3afe510e45b5aef74f768758)] -> xpath: //a[normalize-space()='Used']]
2023-05-18 13:05:206 INFO  NewAndUsedCarSearchPage :37 - Select option from model : [[ChromeDriver: chrome on WINDOWS (94b06ebd3afe510e45b5aef74f768758)] -> xpath: //select[@id='models']]
2023-05-18 13:05:413 INFO  NewAndUsedCarSearchPage :47 - Select option from drop down : [[ChromeDriver: chrome on WINDOWS (94b06ebd3afe510e45b5aef74f768758)] -> xpath: //select[@id='locations']]
2023-05-18 13:05:478 INFO  NewAndUsedCarSearchPage :57 - Select option from drop down : [[ChromeDriver: chrome on WINDOWS (94b06ebd3afe510e45b5aef74f768758)] -> xpath: //select[@id='priceTo']]
2023-05-18 13:05:547 INFO  NewAndUsedCarSearchPage :66 - Click on Find My Next Cars Tab [[ChromeDriver: chrome on WINDOWS (94b06ebd3afe510e45b5aef74f768758)] -> xpath: //input[@id='search-submit']]
2023-05-18 13:05:713 INFO  NewAndUsedCarSearchPage :91 - Verify The Results : [[ChromeDriver: chrome on WINDOWS (94b06ebd3afe510e45b5aef74f768758)] -> xpath: //h1[@class='listing-search-title']]
2023-05-18 13:05:210 INFO  Homepage :26 - Mouse hoover on Buy and Sell Tab : [[ChromeDriver: chrome on WINDOWS (7c11be93282c4af3b0ab5f29ddaedf7a)] -> xpath: //a[normalize-space()='buy + sell']]
2023-05-18 13:05:404 INFO  UsedCarsForSalePage :25 - Click on Used Link [[ChromeDriver: chrome on WINDOWS (7c11be93282c4af3b0ab5f29ddaedf7a)] -> xpath: //a[normalize-space()='Used']]
2023-05-18 13:05:645 INFO  NewAndUsedCarSearchPage :37 - Select option from model : [[ChromeDriver: chrome on WINDOWS (7c11be93282c4af3b0ab5f29ddaedf7a)] -> xpath: //select[@id='models']]
2023-05-18 13:05:754 INFO  NewAndUsedCarSearchPage :47 - Select option from drop down : [[ChromeDriver: chrome on WINDOWS (7c11be93282c4af3b0ab5f29ddaedf7a)] -> xpath: //select[@id='locations']]
2023-05-18 13:05:835 INFO  NewAndUsedCarSearchPage :57 - Select option from drop down : [[ChromeDriver: chrome on WINDOWS (7c11be93282c4af3b0ab5f29ddaedf7a)] -> xpath: //select[@id='priceTo']]
2023-05-18 13:05:901 INFO  NewAndUsedCarSearchPage :66 - Click on Find My Next Cars Tab [[ChromeDriver: chrome on WINDOWS (7c11be93282c4af3b0ab5f29ddaedf7a)] -> xpath: //input[@id='search-submit']]
2023-05-18 13:05:11 INFO  NewAndUsedCarSearchPage :91 - Verify The Results : [[ChromeDriver: chrome on WINDOWS (7c11be93282c4af3b0ab5f29ddaedf7a)] -> xpath: //h1[@class='listing-search-title']]
2023-05-18 13:05:877 INFO  Homepage :26 - Mouse hoover on Buy and Sell Tab : [[ChromeDriver: chrome on WINDOWS (64d8ef9dfba98434c10f31fa7c6b0c3f)] -> xpath: //a[normalize-space()='buy + sell']]
2023-05-18 13:05:53 INFO  UsedCarsForSalePage :25 - Click on Used Link [[ChromeDriver: chrome on WINDOWS (64d8ef9dfba98434c10f31fa7c6b0c3f)] -> xpath: //a[normalize-space()='Used']]
2023-05-18 13:05:162 INFO  NewAndUsedCarSearchPage :37 - Select option from model : [[ChromeDriver: chrome on WINDOWS (64d8ef9dfba98434c10f31fa7c6b0c3f)] -> xpath: //select[@id='models']]
2023-05-18 13:05:265 INFO  NewAndUsedCarSearchPage :47 - Select option from drop down : [[ChromeDriver: chrome on WINDOWS (64d8ef9dfba98434c10f31fa7c6b0c3f)] -> xpath: //select[@id='locations']]
2023-05-18 13:05:349 INFO  NewAndUsedCarSearchPage :57 - Select option from drop down : [[ChromeDriver: chrome on WINDOWS (64d8ef9dfba98434c10f31fa7c6b0c3f)] -> xpath: //select[@id='priceTo']]
2023-05-18 13:05:413 INFO  NewAndUsedCarSearchPage :66 - Click on Find My Next Cars Tab [[ChromeDriver: chrome on WINDOWS (64d8ef9dfba98434c10f31fa7c6b0c3f)] -> xpath: //input[@id='search-submit']]
2023-05-18 13:05:83 INFO  NewAndUsedCarSearchPage :91 - Verify The Results : [[ChromeDriver: chrome on WINDOWS (64d8ef9dfba98434c10f31fa7c6b0c3f)] -> xpath: //h1[@class='listing-search-title']]
2023-05-18 13:05:81 INFO  Homepage :26 - Mouse hoover on Buy and Sell Tab : [[ChromeDriver: chrome on WINDOWS (c57452502f734a8d65a06d42e6564ccb)] -> xpath: //a[normalize-space()='buy + sell']]
2023-05-18 13:05:281 INFO  UsedCarsForSalePage :25 - Click on Used Link [[ChromeDriver: chrome on WINDOWS (c57452502f734a8d65a06d42e6564ccb)] -> xpath: //a[normalize-space()='Used']]
2023-05-18 13:05:390 INFO  NewAndUsedCarSearchPage :37 - Select option from model : [[ChromeDriver: chrome on WINDOWS (c57452502f734a8d65a06d42e6564ccb)] -> xpath: //select[@id='models']]
2023-05-18 13:05:499 INFO  NewAndUsedCarSearchPage :47 - Select option from drop down : [[ChromeDriver: chrome on WINDOWS (c57452502f734a8d65a06d42e6564ccb)] -> xpath: //select[@id='locations']]
2023-05-18 13:05:348 INFO  Homepage :26 - Mouse hoover on Buy and Sell Tab : [[ChromeDriver: chrome on WINDOWS (6117872450745174133caad4fe2442a7)] -> xpath: //a[normalize-space()='buy + sell']]
2023-05-18 13:05:950 INFO  UsedCarsForSalePage :25 - Click on Used Link [[ChromeDriver: chrome on WINDOWS (6117872450745174133caad4fe2442a7)] -> xpath: //a[normalize-space()='Used']]
2023-05-18 13:05:05 INFO  NewAndUsedCarSearchPage :37 - Select option from model : [[ChromeDriver: chrome on WINDOWS (6117872450745174133caad4fe2442a7)] -> xpath: //select[@id='models']]
2023-05-18 13:05:90 INFO  NewAndUsedCarSearchPage :47 - Select option from drop down : [[ChromeDriver: chrome on WINDOWS (6117872450745174133caad4fe2442a7)] -> xpath: //select[@id='locations']]
2023-05-18 13:05:180 INFO  NewAndUsedCarSearchPage :57 - Select option from drop down : [[ChromeDriver: chrome on WINDOWS (6117872450745174133caad4fe2442a7)] -> xpath: //select[@id='priceTo']]
2023-05-18 13:05:240 INFO  NewAndUsedCarSearchPage :66 - Click on Find My Next Cars Tab [[ChromeDriver: chrome on WINDOWS (6117872450745174133caad4fe2442a7)] -> xpath: //input[@id='search-submit']]
2023-05-18 13:05:738 INFO  NewAndUsedCarSearchPage :91 - Verify The Results : [[ChromeDriver: chrome on WINDOWS (6117872450745174133caad4fe2442a7)] -> xpath: //h1[@class='listing-search-title']]
2023-05-18 13:05:223 INFO  Homepage :26 - Mouse hoover on Buy and Sell Tab : [[ChromeDriver: chrome on WINDOWS (ba95374120a7b21a8bbf1609925104f9)] -> xpath: //a[normalize-space()='buy + sell']]
2023-05-18 13:05:365 INFO  UsedCarsForSalePage :25 - Click on Used Link [[ChromeDriver: chrome on WINDOWS (ba95374120a7b21a8bbf1609925104f9)] -> xpath: //a[normalize-space()='Used']]
2023-05-18 13:05:645 INFO  NewAndUsedCarSearchPage :37 - Select option from model : [[ChromeDriver: chrome on WINDOWS (ba95374120a7b21a8bbf1609925104f9)] -> xpath: //select[@id='models']]
2023-05-18 13:05:705 INFO  Homepage :26 - Mouse hoover on Buy and Sell Tab : [[ChromeDriver: chrome on WINDOWS (ec96080f2fe49d4e806d02902aeeb28d)] -> xpath: //a[normalize-space()='buy + sell']]
2023-05-18 13:05:880 INFO  UsedCarsForSalePage :25 - Click on Used Link [[ChromeDriver: chrome on WINDOWS (ec96080f2fe49d4e806d02902aeeb28d)] -> xpath: //a[normalize-space()='Used']]
2023-05-18 13:05:953 INFO  NewAndUsedCarSearchPage :37 - Select option from model : [[ChromeDriver: chrome on WINDOWS (ec96080f2fe49d4e806d02902aeeb28d)] -> xpath: //select[@id='models']]
2023-05-18 13:05:61 INFO  NewAndUsedCarSearchPage :47 - Select option from drop down : [[ChromeDriver: chrome on WINDOWS (ec96080f2fe49d4e806d02902aeeb28d)] -> xpath: //select[@id='locations']]
2023-05-18 13:05:147 INFO  NewAndUsedCarSearchPage :57 - Select option from drop down : [[ChromeDriver: chrome on WINDOWS (ec96080f2fe49d4e806d02902aeeb28d)] -> xpath: //select[@id='priceTo']]
2023-05-18 13:05:218 INFO  NewAndUsedCarSearchPage :66 - Click on Find My Next Cars Tab [[ChromeDriver: chrome on WINDOWS (ec96080f2fe49d4e806d02902aeeb28d)] -> xpath: //input[@id='search-submit']]
2023-05-18 13:05:490 INFO  NewAndUsedCarSearchPage :91 - Verify The Results : [[ChromeDriver: chrome on WINDOWS (ec96080f2fe49d4e806d02902aeeb28d)] -> xpath: //h1[@class='listing-search-title']]
2023-05-18 13:05:206 INFO  Homepage :26 - Mouse hoover on Buy and Sell Tab : [[ChromeDriver: chrome on WINDOWS (228dd5f08d33092d1571a08a3a004d8d)] -> xpath: //a[normalize-space()='buy + sell']]
2023-05-18 13:05:770 INFO  UsedCarsForSalePage :25 - Click on Used Link [[ChromeDriver: chrome on WINDOWS (228dd5f08d33092d1571a08a3a004d8d)] -> xpath: //a[normalize-space()='Used']]
2023-05-18 13:05:09 INFO  NewAndUsedCarSearchPage :37 - Select option from model : [[ChromeDriver: chrome on WINDOWS (228dd5f08d33092d1571a08a3a004d8d)] -> xpath: //select[@id='models']]
2023-05-18 13:05:199 INFO  NewAndUsedCarSearchPage :47 - Select option from drop down : [[ChromeDriver: chrome on WINDOWS (228dd5f08d33092d1571a08a3a004d8d)] -> xpath: //select[@id='locations']]
2023-05-18 13:05:270 INFO  NewAndUsedCarSearchPage :57 - Select option from drop down : [[ChromeDriver: chrome on WINDOWS (228dd5f08d33092d1571a08a3a004d8d)] -> xpath: //select[@id='priceTo']]
2023-05-18 13:05:332 INFO  NewAndUsedCarSearchPage :66 - Click on Find My Next Cars Tab [[ChromeDriver: chrome on WINDOWS (228dd5f08d33092d1571a08a3a004d8d)] -> xpath: //input[@id='search-submit']]
2023-05-18 13:05:472 INFO  NewAndUsedCarSearchPage :91 - Verify The Results : [[ChromeDriver: chrome on WINDOWS (228dd5f08d33092d1571a08a3a004d8d)] -> xpath: //h1[@class='listing-search-title']]
2023-05-18 13:05:812 INFO  Homepage :26 - Mouse hoover on Buy and Sell Tab : [[ChromeDriver: chrome on WINDOWS (b064ef81d391700973fda1f133307cac)] -> xpath: //a[normalize-space()='buy + sell']]
2023-05-18 13:05:970 INFO  UsedCarsForSalePage :25 - Click on Used Link [[ChromeDriver: chrome on WINDOWS (b064ef81d391700973fda1f133307cac)] -> xpath: //a[normalize-space()='Used']]
2023-05-18 13:05:107 INFO  NewAndUsedCarSearchPage :37 - Select option from model : [[ChromeDriver: chrome on WINDOWS (b064ef81d391700973fda1f133307cac)] -> xpath: //select[@id='models']]
2023-05-18 13:05:188 INFO  NewAndUsedCarSearchPage :47 - Select option from drop down : [[ChromeDriver: chrome on WINDOWS (b064ef81d391700973fda1f133307cac)] -> xpath: //select[@id='locations']]
2023-05-18 13:05:257 INFO  NewAndUsedCarSearchPage :57 - Select option from drop down : [[ChromeDriver: chrome on WINDOWS (b064ef81d391700973fda1f133307cac)] -> xpath: //select[@id='priceTo']]
2023-05-18 13:05:369 INFO  NewAndUsedCarSearchPage :66 - Click on Find My Next Cars Tab [[ChromeDriver: chrome on WINDOWS (b064ef81d391700973fda1f133307cac)] -> xpath: //input[@id='search-submit']]
2023-05-18 13:05:490 INFO  NewAndUsedCarSearchPage :91 - Verify The Results : [[ChromeDriver: chrome on WINDOWS (b064ef81d391700973fda1f133307cac)] -> xpath: //h1[@class='listing-search-title']]
2023-05-18 13:05:824 INFO  Homepage :26 - Mouse hoover on Buy and Sell Tab : [[ChromeDriver: chrome on WINDOWS (3289b292fddfdffa186f05e1b8a84c58)] -> xpath: //a[normalize-space()='buy + sell']]
2023-05-18 13:05:998 INFO  UsedCarsForSalePage :25 - Click on Used Link [[ChromeDriver: chrome on WINDOWS (3289b292fddfdffa186f05e1b8a84c58)] -> xpath: //a[normalize-space()='Used']]
2023-05-18 13:05:240 INFO  NewAndUsedCarSearchPage :37 - Select option from model : [[ChromeDriver: chrome on WINDOWS (3289b292fddfdffa186f05e1b8a84c58)] -> xpath: //select[@id='models']]
2023-05-18 13:05:381 INFO  NewAndUsedCarSearchPage :47 - Select option from drop down : [[ChromeDriver: chrome on WINDOWS (3289b292fddfdffa186f05e1b8a84c58)] -> xpath: //select[@id='locations']]
2023-05-18 13:05:446 INFO  NewAndUsedCarSearchPage :57 - Select option from drop down : [[ChromeDriver: chrome on WINDOWS (3289b292fddfdffa186f05e1b8a84c58)] -> xpath: //select[@id='priceTo']]
2023-05-18 13:05:519 INFO  NewAndUsedCarSearchPage :66 - Click on Find My Next Cars Tab [[ChromeDriver: chrome on WINDOWS (3289b292fddfdffa186f05e1b8a84c58)] -> xpath: //input[@id='search-submit']]
2023-05-18 13:05:836 INFO  NewAndUsedCarSearchPage :91 - Verify The Results : [[ChromeDriver: chrome on WINDOWS (3289b292fddfdffa186f05e1b8a84c58)] -> xpath: //h1[@class='listing-search-title']]
2023-05-18 13:05:824 INFO  Homepage :26 - Mouse hoover on Buy and Sell Tab : [[ChromeDriver: chrome on WINDOWS (86a804f77744976e37ebff3a8e18c967)] -> xpath: //a[normalize-space()='buy + sell']]
2023-05-18 13:05:991 INFO  UsedCarsForSalePage :25 - Click on Used Link [[ChromeDriver: chrome on WINDOWS (86a804f77744976e37ebff3a8e18c967)] -> xpath: //a[normalize-space()='Used']]
2023-05-18 13:05:374 INFO  Homepage :26 - Mouse hoover on Buy and Sell Tab : [[ChromeDriver: chrome on WINDOWS (181c0c27c8cf87ed8fff93646f3cb4f7)] -> xpath: //a[normalize-space()='buy + sell']]
2023-05-18 13:05:536 INFO  UsedCarsForSalePage :25 - Click on Used Link [[ChromeDriver: chrome on WINDOWS (181c0c27c8cf87ed8fff93646f3cb4f7)] -> xpath: //a[normalize-space()='Used']]
2023-05-18 13:05:662 INFO  NewAndUsedCarSearchPage :37 - Select option from model : [[ChromeDriver: chrome on WINDOWS (181c0c27c8cf87ed8fff93646f3cb4f7)] -> xpath: //select[@id='models']]
2023-05-18 13:05:857 INFO  Homepage :26 - Mouse hoover on Buy and Sell Tab : [[ChromeDriver: chrome on WINDOWS (441adb3d587922cdc8551b660228755d)] -> xpath: //a[normalize-space()='buy + sell']]
2023-05-18 13:05:06 INFO  UsedCarsForSalePage :25 - Click on Used Link [[ChromeDriver: chrome on WINDOWS (441adb3d587922cdc8551b660228755d)] -> xpath: //a[normalize-space()='Used']]
2023-05-18 13:05:182 INFO  NewAndUsedCarSearchPage :37 - Select option from model : [[ChromeDriver: chrome on WINDOWS (441adb3d587922cdc8551b660228755d)] -> xpath: //select[@id='models']]
2023-05-18 13:05:281 INFO  NewAndUsedCarSearchPage :47 - Select option from drop down : [[ChromeDriver: chrome on WINDOWS (441adb3d587922cdc8551b660228755d)] -> xpath: //select[@id='locations']]
2023-05-18 13:05:366 INFO  NewAndUsedCarSearchPage :57 - Select option from drop down : [[ChromeDriver: chrome on WINDOWS (441adb3d587922cdc8551b660228755d)] -> xpath: //select[@id='priceTo']]
2023-05-18 13:05:435 INFO  NewAndUsedCarSearchPage :66 - Click on Find My Next Cars Tab [[ChromeDriver: chrome on WINDOWS (441adb3d587922cdc8551b660228755d)] -> xpath: //input[@id='search-submit']]
2023-05-18 13:05:436 INFO  NewAndUsedCarSearchPage :91 - Verify The Results : [[ChromeDriver: chrome on WINDOWS (441adb3d587922cdc8551b660228755d)] -> xpath: //h1[@class='listing-search-title']]
2023-05-18 13:05:638 INFO  Homepage :26 - Mouse hoover on Buy and Sell Tab : [[ChromeDriver: chrome on WINDOWS (ded8ef859aba8ecead2887e1b18c4b75)] -> xpath: //a[normalize-space()='buy + sell']]
2023-05-18 13:05:820 INFO  UsedCarsForSalePage :25 - Click on Used Link [[ChromeDriver: chrome on WINDOWS (ded8ef859aba8ecead2887e1b18c4b75)] -> xpath: //a[normalize-space()='Used']]
2023-05-18 13:05:85 INFO  NewAndUsedCarSearchPage :37 - Select option from model : [[ChromeDriver: chrome on WINDOWS (ded8ef859aba8ecead2887e1b18c4b75)] -> xpath: //select[@id='models']]
2023-05-18 13:05:174 INFO  NewAndUsedCarSearchPage :47 - Select option from drop down : [[ChromeDriver: chrome on WINDOWS (ded8ef859aba8ecead2887e1b18c4b75)] -> xpath: //select[@id='locations']]
2023-05-18 13:05:263 INFO  NewAndUsedCarSearchPage :57 - Select option from drop down : [[ChromeDriver: chrome on WINDOWS (ded8ef859aba8ecead2887e1b18c4b75)] -> xpath: //select[@id='priceTo']]
2023-05-18 13:05:356 INFO  NewAndUsedCarSearchPage :66 - Click on Find My Next Cars Tab [[ChromeDriver: chrome on WINDOWS (ded8ef859aba8ecead2887e1b18c4b75)] -> xpath: //input[@id='search-submit']]
2023-05-18 13:05:429 INFO  NewAndUsedCarSearchPage :91 - Verify The Results : [[ChromeDriver: chrome on WINDOWS (ded8ef859aba8ecead2887e1b18c4b75)] -> xpath: //h1[@class='listing-search-title']]
2023-05-18 13:05:610 INFO  Homepage :26 - Mouse hoover on Buy and Sell Tab : [[ChromeDriver: chrome on WINDOWS (e6796abd69a76213a8646926d8e59afd)] -> xpath: //a[normalize-space()='buy + sell']]
2023-05-18 13:05:769 INFO  UsedCarsForSalePage :25 - Click on Used Link [[ChromeDriver: chrome on WINDOWS (e6796abd69a76213a8646926d8e59afd)] -> xpath: //a[normalize-space()='Used']]
2023-05-18 13:05:964 INFO  NewAndUsedCarSearchPage :37 - Select option from model : [[ChromeDriver: chrome on WINDOWS (e6796abd69a76213a8646926d8e59afd)] -> xpath: //select[@id='models']]
2023-05-18 13:05:185 INFO  NewAndUsedCarSearchPage :47 - Select option from drop down : [[ChromeDriver: chrome on WINDOWS (e6796abd69a76213a8646926d8e59afd)] -> xpath: //select[@id='locations']]
2023-05-18 13:05:305 INFO  NewAndUsedCarSearchPage :57 - Select option from drop down : [[ChromeDriver: chrome on WINDOWS (e6796abd69a76213a8646926d8e59afd)] -> xpath: //select[@id='priceTo']]
2023-05-18 13:05:374 INFO  NewAndUsedCarSearchPage :66 - Click on Find My Next Cars Tab [[ChromeDriver: chrome on WINDOWS (e6796abd69a76213a8646926d8e59afd)] -> xpath: //input[@id='search-submit']]
2023-05-18 13:05:411 INFO  NewAndUsedCarSearchPage :91 - Verify The Results : [[ChromeDriver: chrome on WINDOWS (e6796abd69a76213a8646926d8e59afd)] -> xpath: //h1[@class='listing-search-title']]
2023-05-18 13:05:619 INFO  Homepage :26 - Mouse hoover on Buy and Sell Tab : [[ChromeDriver: chrome on WINDOWS (85f0d91723029a57d647acd03f4138ae)] -> xpath: //a[normalize-space()='buy + sell']]
2023-05-18 13:05:814 INFO  UsedCarsForSalePage :25 - Click on Used Link [[ChromeDriver: chrome on WINDOWS (85f0d91723029a57d647acd03f4138ae)] -> xpath: //a[normalize-space()='Used']]
2023-05-18 13:05:35 INFO  NewAndUsedCarSearchPage :37 - Select option from model : [[ChromeDriver: chrome on WINDOWS (85f0d91723029a57d647acd03f4138ae)] -> xpath: //select[@id='models']]
2023-05-18 13:05:169 INFO  NewAndUsedCarSearchPage :47 - Select option from drop down : [[ChromeDriver: chrome on WINDOWS (85f0d91723029a57d647acd03f4138ae)] -> xpath: //select[@id='locations']]
2023-05-18 13:05:257 INFO  NewAndUsedCarSearchPage :57 - Select option from drop down : [[ChromeDriver: chrome on WINDOWS (85f0d91723029a57d647acd03f4138ae)] -> xpath: //select[@id='priceTo']]
2023-05-18 13:05:346 INFO  NewAndUsedCarSearchPage :66 - Click on Find My Next Cars Tab [[ChromeDriver: chrome on WINDOWS (85f0d91723029a57d647acd03f4138ae)] -> xpath: //input[@id='search-submit']]
2023-05-18 13:05:507 INFO  NewAndUsedCarSearchPage :91 - Verify The Results : [[ChromeDriver: chrome on WINDOWS (85f0d91723029a57d647acd03f4138ae)] -> xpath: //h1[@class='listing-search-title']]
2023-05-18 13:05:278 INFO  Homepage :26 - Mouse hoover on Buy and Sell Tab : [[ChromeDriver: chrome on WINDOWS (fd9ed91ca1f253b2e76612d630f49c1e)] -> xpath: //a[normalize-space()='buy + sell']]
2023-05-18 13:05:464 INFO  UsedCarsForSalePage :25 - Click on Used Link [[ChromeDriver: chrome on WINDOWS (fd9ed91ca1f253b2e76612d630f49c1e)] -> xpath: //a[normalize-space()='Used']]
2023-05-18 13:05:640 INFO  NewAndUsedCarSearchPage :37 - Select option from model : [[ChromeDriver: chrome on WINDOWS (fd9ed91ca1f253b2e76612d630f49c1e)] -> xpath: //select[@id='models']]
2023-05-18 13:05:712 INFO  NewAndUsedCarSearchPage :47 - Select option from drop down : [[ChromeDriver: chrome on WINDOWS (fd9ed91ca1f253b2e76612d630f49c1e)] -> xpath: //select[@id='locations']]
2023-05-18 13:05:772 INFO  NewAndUsedCarSearchPage :57 - Select option from drop down : [[ChromeDriver: chrome on WINDOWS (fd9ed91ca1f253b2e76612d630f49c1e)] -> xpath: //select[@id='priceTo']]
2023-05-18 13:05:854 INFO  NewAndUsedCarSearchPage :66 - Click on Find My Next Cars Tab [[ChromeDriver: chrome on WINDOWS (fd9ed91ca1f253b2e76612d630f49c1e)] -> xpath: //input[@id='search-submit']]
2023-05-18 13:05:907 INFO  NewAndUsedCarSearchPage :91 - Verify The Results : [[ChromeDriver: chrome on WINDOWS (fd9ed91ca1f253b2e76612d630f49c1e)] -> xpath: //h1[@class='listing-search-title']]
2023-05-18 13:05:168 INFO  Homepage :26 - Mouse hoover on Buy and Sell Tab : [[ChromeDriver: chrome on WINDOWS (ed571896f1823bd273eb747c5de8bae4)] -> xpath: //a[normalize-space()='buy + sell']]
2023-05-18 13:05:327 INFO  UsedCarsForSalePage :25 - Click on Used Link [[ChromeDriver: chrome on WINDOWS (ed571896f1823bd273eb747c5de8bae4)] -> xpath: //a[normalize-space()='Used']]
2023-05-18 13:05:452 INFO  NewAndUsedCarSearchPage :37 - Select option from model : [[ChromeDriver: chrome on WINDOWS (ed571896f1823bd273eb747c5de8bae4)] -> xpath: //select[@id='models']]
2023-05-18 13:05:523 INFO  NewAndUsedCarSearchPage :47 - Select option from drop down : [[ChromeDriver: chrome on WINDOWS (ed571896f1823bd273eb747c5de8bae4)] -> xpath: //select[@id='locations']]
2023-05-18 13:05:631 INFO  NewAndUsedCarSearchPage :57 - Select option from drop down : [[ChromeDriver: chrome on WINDOWS (ed571896f1823bd273eb747c5de8bae4)] -> xpath: //select[@id='priceTo']]
2023-05-18 13:05:692 INFO  NewAndUsedCarSearchPage :66 - Click on Find My Next Cars Tab [[ChromeDriver: chrome on WINDOWS (ed571896f1823bd273eb747c5de8bae4)] -> xpath: //input[@id='search-submit']]
2023-05-18 13:05:777 INFO  NewAndUsedCarSearchPage :91 - Verify The Results : [[ChromeDriver: chrome on WINDOWS (ed571896f1823bd273eb747c5de8bae4)] -> xpath: //h1[@class='listing-search-title']]
2023-05-18 13:05:143 INFO  Homepage :26 - Mouse hoover on Buy and Sell Tab : [[ChromeDriver: chrome on WINDOWS (009c647d18bd102ef4a519528607ebb6)] -> xpath: //a[normalize-space()='buy + sell']]
2023-05-18 13:05:325 INFO  Homepage :35 - Click on search on Cars link [[ChromeDriver: chrome on WINDOWS (009c647d18bd102ef4a519528607ebb6)] -> xpath: //a[contains(text(),'Search Cars')]]
2023-05-18 13:05:666 INFO  NewAndUsedCarSearchPage :37 - Select option from model : [[ChromeDriver: chrome on WINDOWS (009c647d18bd102ef4a519528607ebb6)] -> xpath: //select[@id='models']]
2023-05-18 13:05:750 INFO  NewAndUsedCarSearchPage :47 - Select option from drop down : [[ChromeDriver: chrome on WINDOWS (009c647d18bd102ef4a519528607ebb6)] -> xpath: //select[@id='locations']]
2023-05-18 13:05:816 INFO  NewAndUsedCarSearchPage :57 - Select option from drop down : [[ChromeDriver: chrome on WINDOWS (009c647d18bd102ef4a519528607ebb6)] -> xpath: //select[@id='priceTo']]
2023-05-18 13:05:881 INFO  NewAndUsedCarSearchPage :66 - Click on Find My Next Cars Tab [[ChromeDriver: chrome on WINDOWS (009c647d18bd102ef4a519528607ebb6)] -> xpath: //input[@id='search-submit']]
2023-05-18 13:05:414 INFO  NewAndUsedCarSearchPage :78 - Verify The Results : [[ChromeDriver: chrome on WINDOWS (009c647d18bd102ef4a519528607ebb6)] -> xpath: //h1[@class='listing-search-title']]
2023-05-18 13:05:384 INFO  Homepage :26 - Mouse hoover on Buy and Sell Tab : [[ChromeDriver: chrome on WINDOWS (bd7955f18e924b5ef6e82030036d58df)] -> xpath: //a[normalize-space()='buy + sell']]
2023-05-18 13:05:578 INFO  Homepage :35 - Click on search on Cars link [[ChromeDriver: chrome on WINDOWS (bd7955f18e924b5ef6e82030036d58df)] -> xpath: //a[contains(text(),'Search Cars')]]
2023-05-18 13:05:648 INFO  NewAndUsedCarSearchPage :37 - Select option from model : [[ChromeDriver: chrome on WINDOWS (bd7955f18e924b5ef6e82030036d58df)] -> xpath: //select[@id='models']]
2023-05-18 13:05:725 INFO  NewAndUsedCarSearchPage :47 - Select option from drop down : [[ChromeDriver: chrome on WINDOWS (bd7955f18e924b5ef6e82030036d58df)] -> xpath: //select[@id='locations']]
2023-05-18 13:05:794 INFO  NewAndUsedCarSearchPage :57 - Select option from drop down : [[ChromeDriver: chrome on WINDOWS (bd7955f18e924b5ef6e82030036d58df)] -> xpath: //select[@id='priceTo']]
2023-05-18 13:05:861 INFO  NewAndUsedCarSearchPage :66 - Click on Find My Next Cars Tab [[ChromeDriver: chrome on WINDOWS (bd7955f18e924b5ef6e82030036d58df)] -> xpath: //input[@id='search-submit']]
2023-05-18 13:05:685 INFO  NewAndUsedCarSearchPage :78 - Verify The Results : [[ChromeDriver: chrome on WINDOWS (bd7955f18e924b5ef6e82030036d58df)] -> xpath: //h1[@class='listing-search-title']]
2023-05-18 13:05:876 INFO  Homepage :26 - Mouse hoover on Buy and Sell Tab : [[ChromeDriver: chrome on WINDOWS (1541bbb75a7a1ee6aca9b515e919984e)] -> xpath: //a[normalize-space()='buy + sell']]
2023-05-18 13:05:74 INFO  Homepage :35 - Click on search on Cars link [[ChromeDriver: chrome on WINDOWS (1541bbb75a7a1ee6aca9b515e919984e)] -> xpath: //a[contains(text(),'Search Cars')]]
2023-05-18 13:05:311 INFO  NewAndUsedCarSearchPage :37 - Select option from model : [[ChromeDriver: chrome on WINDOWS (1541bbb75a7a1ee6aca9b515e919984e)] -> xpath: //select[@id='models']]
2023-05-18 13:05:418 INFO  NewAndUsedCarSearchPage :47 - Select option from drop down : [[ChromeDriver: chrome on WINDOWS (1541bbb75a7a1ee6aca9b515e919984e)] -> xpath: //select[@id='locations']]
2023-05-18 13:05:500 INFO  NewAndUsedCarSearchPage :57 - Select option from drop down : [[ChromeDriver: chrome on WINDOWS (1541bbb75a7a1ee6aca9b515e919984e)] -> xpath: //select[@id='priceTo']]
2023-05-18 13:05:581 INFO  NewAndUsedCarSearchPage :66 - Click on Find My Next Cars Tab [[ChromeDriver: chrome on WINDOWS (1541bbb75a7a1ee6aca9b515e919984e)] -> xpath: //input[@id='search-submit']]
2023-05-18 13:05:33 INFO  NewAndUsedCarSearchPage :78 - Verify The Results : [[ChromeDriver: chrome on WINDOWS (1541bbb75a7a1ee6aca9b515e919984e)] -> xpath: //h1[@class='listing-search-title']]
2023-05-18 13:05:322 INFO  Homepage :26 - Mouse hoover on Buy and Sell Tab : [[ChromeDriver: chrome on WINDOWS (07aa5ee8acfe622a736a82584021e2bf)] -> xpath: //a[normalize-space()='buy + sell']]
2023-05-18 13:05:489 INFO  Homepage :35 - Click on search on Cars link [[ChromeDriver: chrome on WINDOWS (07aa5ee8acfe622a736a82584021e2bf)] -> xpath: //a[contains(text(),'Search Cars')]]
2023-05-18 13:05:567 INFO  NewAndUsedCarSearchPage :37 - Select option from model : [[ChromeDriver: chrome on WINDOWS (07aa5ee8acfe622a736a82584021e2bf)] -> xpath: //select[@id='models']]
2023-05-18 13:05:651 INFO  NewAndUsedCarSearchPage :47 - Select option from drop down : [[ChromeDriver: chrome on WINDOWS (07aa5ee8acfe622a736a82584021e2bf)] -> xpath: //select[@id='locations']]
2023-05-18 13:05:719 INFO  NewAndUsedCarSearchPage :57 - Select option from drop down : [[ChromeDriver: chrome on WINDOWS (07aa5ee8acfe622a736a82584021e2bf)] -> xpath: //select[@id='priceTo']]
2023-05-18 13:05:839 INFO  NewAndUsedCarSearchPage :66 - Click on Find My Next Cars Tab [[ChromeDriver: chrome on WINDOWS (07aa5ee8acfe622a736a82584021e2bf)] -> xpath: //input[@id='search-submit']]
2023-05-18 13:05:678 INFO  NewAndUsedCarSearchPage :78 - Verify The Results : [[ChromeDriver: chrome on WINDOWS (07aa5ee8acfe622a736a82584021e2bf)] -> xpath: //h1[@class='listing-search-title']]
2023-05-18 13:05:664 INFO  Homepage :26 - Mouse hoover on Buy and Sell Tab : [[ChromeDriver: chrome on WINDOWS (2cc37bfd9da3f8b752e421f8e2835e49)] -> xpath: //a[normalize-space()='buy + sell']]
2023-05-18 13:05:977 INFO  Homepage :35 - Click on search on Cars link [[ChromeDriver: chrome on WINDOWS (2cc37bfd9da3f8b752e421f8e2835e49)] -> xpath: //a[contains(text(),'Search Cars')]]
2023-05-18 13:05:309 INFO  Homepage :26 - Mouse hoover on Buy and Sell Tab : [[ChromeDriver: chrome on WINDOWS (286f24ca00866b97b8ee7d58f42125ab)] -> xpath: //a[normalize-space()='buy + sell']]
2023-05-18 13:05:483 INFO  Homepage :35 - Click on search on Cars link [[ChromeDriver: chrome on WINDOWS (286f24ca00866b97b8ee7d58f42125ab)] -> xpath: //a[contains(text(),'Search Cars')]]
2023-05-18 13:05:717 INFO  NewAndUsedCarSearchPage :37 - Select option from model : [[ChromeDriver: chrome on WINDOWS (286f24ca00866b97b8ee7d58f42125ab)] -> xpath: //select[@id='models']]
2023-05-18 13:05:798 INFO  NewAndUsedCarSearchPage :47 - Select option from drop down : [[ChromeDriver: chrome on WINDOWS (286f24ca00866b97b8ee7d58f42125ab)] -> xpath: //select[@id='locations']]
2023-05-18 13:05:865 INFO  NewAndUsedCarSearchPage :57 - Select option from drop down : [[ChromeDriver: chrome on WINDOWS (286f24ca00866b97b8ee7d58f42125ab)] -> xpath: //select[@id='priceTo']]
2023-05-18 13:05:954 INFO  NewAndUsedCarSearchPage :66 - Click on Find My Next Cars Tab [[ChromeDriver: chrome on WINDOWS (286f24ca00866b97b8ee7d58f42125ab)] -> xpath: //input[@id='search-submit']]
2023-05-18 13:05:943 INFO  NewAndUsedCarSearchPage :78 - Verify The Results : [[ChromeDriver: chrome on WINDOWS (286f24ca00866b97b8ee7d58f42125ab)] -> xpath: //h1[@class='listing-search-title']]
2023-05-18 13:05:155 INFO  Homepage :26 - Mouse hoover on Buy and Sell Tab : [[ChromeDriver: chrome on WINDOWS (bee92ef4bdcbbdecff22ce85c6ad0b04)] -> xpath: //a[normalize-space()='buy + sell']]
2023-05-18 13:05:320 INFO  Homepage :35 - Click on search on Cars link [[ChromeDriver: chrome on WINDOWS (bee92ef4bdcbbdecff22ce85c6ad0b04)] -> xpath: //a[contains(text(),'Search Cars')]]
2023-05-18 13:05:426 INFO  NewAndUsedCarSearchPage :37 - Select option from model : [[ChromeDriver: chrome on WINDOWS (bee92ef4bdcbbdecff22ce85c6ad0b04)] -> xpath: //select[@id='models']]
2023-05-18 13:05:516 INFO  NewAndUsedCarSearchPage :47 - Select option from drop down : [[ChromeDriver: chrome on WINDOWS (bee92ef4bdcbbdecff22ce85c6ad0b04)] -> xpath: //select[@id='locations']]
2023-05-18 13:05:600 INFO  NewAndUsedCarSearchPage :57 - Select option from drop down : [[ChromeDriver: chrome on WINDOWS (bee92ef4bdcbbdecff22ce85c6ad0b04)] -> xpath: //select[@id='priceTo']]
2023-05-18 13:05:671 INFO  NewAndUsedCarSearchPage :66 - Click on Find My Next Cars Tab [[ChromeDriver: chrome on WINDOWS (bee92ef4bdcbbdecff22ce85c6ad0b04)] -> xpath: //input[@id='search-submit']]
2023-05-18 13:05:980 INFO  NewAndUsedCarSearchPage :78 - Verify The Results : [[ChromeDriver: chrome on WINDOWS (bee92ef4bdcbbdecff22ce85c6ad0b04)] -> xpath: //h1[@class='listing-search-title']]
2023-05-18 13:05:691 INFO  Homepage :26 - Mouse hoover on Buy and Sell Tab : [[ChromeDriver: chrome on WINDOWS (08f14e51c33bc7e6beff5bf3b3f630af)] -> xpath: //a[normalize-space()='buy + sell']]
2023-05-18 13:05:150 INFO  Homepage :35 - Click on search on Cars link [[ChromeDriver: chrome on WINDOWS (08f14e51c33bc7e6beff5bf3b3f630af)] -> xpath: //a[contains(text(),'Search Cars')]]
2023-05-18 13:05:474 INFO  NewAndUsedCarSearchPage :37 - Select option from model : [[ChromeDriver: chrome on WINDOWS (08f14e51c33bc7e6beff5bf3b3f630af)] -> xpath: //select[@id='models']]
2023-05-18 13:05:551 INFO  NewAndUsedCarSearchPage :47 - Select option from drop down : [[ChromeDriver: chrome on WINDOWS (08f14e51c33bc7e6beff5bf3b3f630af)] -> xpath: //select[@id='locations']]
2023-05-18 13:05:621 INFO  NewAndUsedCarSearchPage :57 - Select option from drop down : [[ChromeDriver: chrome on WINDOWS (08f14e51c33bc7e6beff5bf3b3f630af)] -> xpath: //select[@id='priceTo']]
2023-05-18 13:05:686 INFO  NewAndUsedCarSearchPage :66 - Click on Find My Next Cars Tab [[ChromeDriver: chrome on WINDOWS (08f14e51c33bc7e6beff5bf3b3f630af)] -> xpath: //input[@id='search-submit']]
2023-05-18 13:05:871 INFO  NewAndUsedCarSearchPage :78 - Verify The Results : [[ChromeDriver: chrome on WINDOWS (08f14e51c33bc7e6beff5bf3b3f630af)] -> xpath: //h1[@class='listing-search-title']]
2023-05-18 13:05:483 INFO  Homepage :26 - Mouse hoover on Buy and Sell Tab : [[ChromeDriver: chrome on WINDOWS (531f72c7dbab77d3a7ebe2cb6c8dcb84)] -> xpath: //a[normalize-space()='buy + sell']]
2023-05-18 13:05:679 INFO  Homepage :35 - Click on search on Cars link [[ChromeDriver: chrome on WINDOWS (531f72c7dbab77d3a7ebe2cb6c8dcb84)] -> xpath: //a[contains(text(),'Search Cars')]]
2023-05-18 13:05:803 INFO  NewAndUsedCarSearchPage :37 - Select option from model : [[ChromeDriver: chrome on WINDOWS (531f72c7dbab77d3a7ebe2cb6c8dcb84)] -> xpath: //select[@id='models']]
2023-05-18 13:05:893 INFO  NewAndUsedCarSearchPage :47 - Select option from drop down : [[ChromeDriver: chrome on WINDOWS (531f72c7dbab77d3a7ebe2cb6c8dcb84)] -> xpath: //select[@id='locations']]
2023-05-18 13:05:958 INFO  NewAndUsedCarSearchPage :57 - Select option from drop down : [[ChromeDriver: chrome on WINDOWS (531f72c7dbab77d3a7ebe2cb6c8dcb84)] -> xpath: //select[@id='priceTo']]
2023-05-18 13:05:23 INFO  NewAndUsedCarSearchPage :66 - Click on Find My Next Cars Tab [[ChromeDriver: chrome on WINDOWS (531f72c7dbab77d3a7ebe2cb6c8dcb84)] -> xpath: //input[@id='search-submit']]
2023-05-18 13:05:77 INFO  NewAndUsedCarSearchPage :78 - Verify The Results : [[ChromeDriver: chrome on WINDOWS (531f72c7dbab77d3a7ebe2cb6c8dcb84)] -> xpath: //h1[@class='listing-search-title']]
2023-05-18 13:05:887 INFO  Homepage :26 - Mouse hoover on Buy and Sell Tab : [[ChromeDriver: chrome on WINDOWS (d435e9397d7dd2ec28bf1b4f9d87c69b)] -> xpath: //a[normalize-space()='buy + sell']]
2023-05-18 13:05:70 INFO  Homepage :35 - Click on search on Cars link [[ChromeDriver: chrome on WINDOWS (d435e9397d7dd2ec28bf1b4f9d87c69b)] -> xpath: //a[contains(text(),'Search Cars')]]
2023-05-18 13:05:154 INFO  NewAndUsedCarSearchPage :37 - Select option from model : [[ChromeDriver: chrome on WINDOWS (d435e9397d7dd2ec28bf1b4f9d87c69b)] -> xpath: //select[@id='models']]
2023-05-18 13:05:232 INFO  NewAndUsedCarSearchPage :47 - Select option from drop down : [[ChromeDriver: chrome on WINDOWS (d435e9397d7dd2ec28bf1b4f9d87c69b)] -> xpath: //select[@id='locations']]
2023-05-18 13:05:312 INFO  NewAndUsedCarSearchPage :57 - Select option from drop down : [[ChromeDriver: chrome on WINDOWS (d435e9397d7dd2ec28bf1b4f9d87c69b)] -> xpath: //select[@id='priceTo']]
2023-05-18 13:05:376 INFO  NewAndUsedCarSearchPage :66 - Click on Find My Next Cars Tab [[ChromeDriver: chrome on WINDOWS (d435e9397d7dd2ec28bf1b4f9d87c69b)] -> xpath: //input[@id='search-submit']]
2023-05-18 13:05:601 INFO  NewAndUsedCarSearchPage :78 - Verify The Results : [[ChromeDriver: chrome on WINDOWS (d435e9397d7dd2ec28bf1b4f9d87c69b)] -> xpath: //h1[@class='listing-search-title']]
2023-05-18 13:05:612 INFO  Homepage :26 - Mouse hoover on Buy and Sell Tab : [[ChromeDriver: chrome on WINDOWS (69e540d5a8e84599d37e6c628f7e1a0c)] -> xpath: //a[normalize-space()='buy + sell']]
2023-05-18 13:05:786 INFO  Homepage :35 - Click on search on Cars link [[ChromeDriver: chrome on WINDOWS (69e540d5a8e84599d37e6c628f7e1a0c)] -> xpath: //a[contains(text(),'Search Cars')]]
2023-05-18 13:05:509 INFO  Homepage :26 - Mouse hoover on Buy and Sell Tab : [[ChromeDriver: chrome on WINDOWS (70a26a3190b8bdb6fa7319fc7c7bf2a0)] -> xpath: //a[normalize-space()='buy + sell']]
2023-05-18 13:05:683 INFO  FindADealerPage :25 - Click on Find A Dealer link [[ChromeDriver: chrome on WINDOWS (70a26a3190b8bdb6fa7319fc7c7bf2a0)] -> xpath: //a[normalize-space()='Find a Dealer']]
